{"/home/travis/build/npmtest/node-npmtest-passport-saml/test.js":{"path":"/home/travis/build/npmtest/node-npmtest-passport-saml/test.js","s":{"1":2,"2":2,"3":2,"4":2,"5":2,"6":2,"7":2,"8":1,"9":2,"10":2,"11":1,"12":1,"13":1,"14":1,"15":2,"16":2,"17":2,"18":2,"19":1,"20":1,"21":2,"22":2,"23":2,"24":1,"25":1,"26":1,"27":1,"28":1,"29":1,"30":1,"31":1,"32":1,"33":1,"34":1,"35":1,"36":1,"37":1,"38":1,"39":2,"40":2,"41":1,"42":2,"43":2,"44":1,"45":2,"46":2,"47":1,"48":2,"49":2,"50":1,"51":1,"52":1,"53":1,"54":1},"b":{"1":[2,1,1,1],"2":[1,1,1,1],"3":[1,1],"4":[1,1],"5":[1,1],"6":[1,1],"7":[1,1],"8":[1,1],"9":[1,1],"10":[1,1,1],"11":[1,1],"12":[1,1],"13":[1,1],"14":[1,1],"15":[1,1],"16":[1,1],"17":[1,1]},"f":{"1":2,"2":2,"3":2,"4":2,"5":2,"6":1,"7":1,"8":1,"9":2,"10":2,"11":2,"12":2,"13":1},"fnMap":{"1":{"name":"(anonymous_1)","line":12,"loc":{"start":{"line":12,"column":1},"end":{"line":12,"column":13}}},"2":{"name":"(anonymous_2)","line":19,"loc":{"start":{"line":19,"column":5},"end":{"line":19,"column":17}}},"3":{"name":"(anonymous_3)","line":23,"loc":{"start":{"line":23,"column":24},"end":{"line":23,"column":36}}},"4":{"name":"(anonymous_4)","line":61,"loc":{"start":{"line":61,"column":5},"end":{"line":61,"column":17}}},"5":{"name":"(anonymous_5)","line":82,"loc":{"start":{"line":82,"column":5},"end":{"line":82,"column":17}}},"6":{"name":"(anonymous_6)","line":91,"loc":{"start":{"line":91,"column":77},"end":{"line":94,"column":10}}},"7":{"name":"(anonymous_7)","line":112,"loc":{"start":{"line":112,"column":83},"end":{"line":115,"column":10}},"skip":true},"8":{"name":"(anonymous_8)","line":123,"loc":{"start":{"line":123,"column":77},"end":{"line":126,"column":10}},"skip":true},"9":{"name":"(anonymous_9)","line":139,"loc":{"start":{"line":139,"column":12},"end":{"line":139,"column":40}},"skip":true},"10":{"name":"(anonymous_10)","line":147,"loc":{"start":{"line":147,"column":77},"end":{"line":150,"column":10}},"skip":true},"11":{"name":"(anonymous_11)","line":158,"loc":{"start":{"line":158,"column":83},"end":{"line":161,"column":10}},"skip":true},"12":{"name":"(anonymous_12)","line":169,"loc":{"start":{"line":169,"column":79},"end":{"line":172,"column":10}},"skip":true},"13":{"name":"(anonymous_13)","line":180,"loc":{"start":{"line":180,"column":75},"end":{"line":183,"column":10}},"skip":true}},"statementMap":{"1":{"start":{"line":12,"column":0},"end":{"line":195,"column":5}},"2":{"start":{"line":14,"column":4},"end":{"line":14,"column":14}},"3":{"start":{"line":19,"column":4},"end":{"line":56,"column":9}},"4":{"start":{"line":21,"column":8},"end":{"line":21,"column":19}},"5":{"start":{"line":23,"column":8},"end":{"line":35,"column":13}},"6":{"start":{"line":24,"column":12},"end":{"line":34,"column":13}},"7":{"start":{"line":25,"column":16},"end":{"line":28,"column":30}},"8":{"start":{"line":30,"column":16},"end":{"line":33,"column":27}},"9":{"start":{"line":37,"column":8},"end":{"line":39,"column":21}},"10":{"start":{"line":40,"column":8},"end":{"line":53,"column":9}},"11":{"start":{"line":43,"column":12},"end":{"line":46,"column":14}},"12":{"start":{"line":47,"column":12},"end":{"line":47,"column":18}},"13":{"start":{"line":50,"column":12},"end":{"line":51,"column":33}},"14":{"start":{"line":52,"column":12},"end":{"line":52,"column":18}},"15":{"start":{"line":55,"column":8},"end":{"line":55,"column":35}},"16":{"start":{"line":61,"column":4},"end":{"line":63,"column":9}},"17":{"start":{"line":62,"column":8},"end":{"line":62,"column":15}},"18":{"start":{"line":64,"column":4},"end":{"line":77,"column":5}},"19":{"start":{"line":70,"column":8},"end":{"line":70,"column":14}},"20":{"start":{"line":76,"column":8},"end":{"line":76,"column":14}},"21":{"start":{"line":82,"column":4},"end":{"line":84,"column":9}},"22":{"start":{"line":83,"column":8},"end":{"line":83,"column":15}},"23":{"start":{"line":85,"column":4},"end":{"line":194,"column":5}},"24":{"start":{"line":91,"column":8},"end":{"line":99,"column":10}},"25":{"start":{"line":98,"column":12},"end":{"line":98,"column":35}},"26":{"start":{"line":102,"column":8},"end":{"line":104,"column":63}},"27":{"start":{"line":105,"column":8},"end":{"line":105,"column":14}},"28":{"start":{"line":112,"column":8},"end":{"line":121,"column":10},"skip":true},"29":{"start":{"line":119,"column":12},"end":{"line":119,"column":55},"skip":true},"30":{"start":{"line":120,"column":12},"end":{"line":120,"column":48},"skip":true},"31":{"start":{"line":123,"column":8},"end":{"line":136,"column":10},"skip":true},"32":{"start":{"line":130,"column":12},"end":{"line":130,"column":76},"skip":true},"33":{"start":{"line":131,"column":12},"end":{"line":131,"column":73},"skip":true},"34":{"start":{"line":132,"column":12},"end":{"line":132,"column":74},"skip":true},"35":{"start":{"line":133,"column":12},"end":{"line":133,"column":79},"skip":true},"36":{"start":{"line":134,"column":12},"end":{"line":134,"column":25},"skip":true},"37":{"start":{"line":135,"column":12},"end":{"line":135,"column":45},"skip":true},"38":{"start":{"line":138,"column":8},"end":{"line":145,"column":14},"skip":true},"39":{"start":{"line":143,"column":16},"end":{"line":143,"column":29},"skip":true},"40":{"start":{"line":144,"column":16},"end":{"line":144,"column":55},"skip":true},"41":{"start":{"line":147,"column":8},"end":{"line":156,"column":10},"skip":true},"42":{"start":{"line":154,"column":12},"end":{"line":154,"column":25},"skip":true},"43":{"start":{"line":155,"column":12},"end":{"line":155,"column":45},"skip":true},"44":{"start":{"line":158,"column":8},"end":{"line":167,"column":10},"skip":true},"45":{"start":{"line":165,"column":12},"end":{"line":165,"column":25},"skip":true},"46":{"start":{"line":166,"column":12},"end":{"line":166,"column":48},"skip":true},"47":{"start":{"line":169,"column":8},"end":{"line":178,"column":10},"skip":true},"48":{"start":{"line":176,"column":12},"end":{"line":176,"column":25},"skip":true},"49":{"start":{"line":177,"column":12},"end":{"line":177,"column":46},"skip":true},"50":{"start":{"line":180,"column":8},"end":{"line":189,"column":10},"skip":true},"51":{"start":{"line":187,"column":12},"end":{"line":187,"column":94},"skip":true},"52":{"start":{"line":188,"column":12},"end":{"line":188,"column":48},"skip":true},"53":{"start":{"line":192,"column":8},"end":{"line":192,"column":35},"skip":true},"54":{"start":{"line":193,"column":8},"end":{"line":193,"column":14},"skip":true}},"branchMap":{"1":{"line":25,"type":"binary-expr","locations":[{"start":{"line":25,"column":23},"end":{"line":25,"column":62}},{"start":{"line":26,"column":20},"end":{"line":26,"column":70}},{"start":{"line":27,"column":20},"end":{"line":27,"column":71}},{"start":{"line":28,"column":20},"end":{"line":28,"column":29}}]},"2":{"line":30,"type":"binary-expr","locations":[{"start":{"line":30,"column":23},"end":{"line":30,"column":37}},{"start":{"line":31,"column":20},"end":{"line":31,"column":61}},{"start":{"line":32,"column":20},"end":{"line":32,"column":70}},{"start":{"line":33,"column":20},"end":{"line":33,"column":26}}]},"3":{"line":37,"type":"cond-expr","locations":[{"start":{"line":38,"column":14},"end":{"line":38,"column":20}},{"start":{"line":39,"column":14},"end":{"line":39,"column":20}}]},"4":{"line":40,"type":"switch","locations":[{"start":{"line":42,"column":8},"end":{"line":47,"column":18}},{"start":{"line":49,"column":8},"end":{"line":52,"column":18}}]},"5":{"line":44,"type":"binary-expr","locations":[{"start":{"line":44,"column":16},"end":{"line":44,"column":44}},{"start":{"line":44,"column":48},"end":{"line":44,"column":66}}]},"6":{"line":50,"type":"binary-expr","locations":[{"start":{"line":50,"column":21},"end":{"line":50,"column":49}},{"start":{"line":50,"column":53},"end":{"line":50,"column":72}}]},"7":{"line":64,"type":"switch","locations":[{"start":{"line":69,"column":4},"end":{"line":70,"column":14}},{"start":{"line":75,"column":4},"end":{"line":76,"column":14}}]},"8":{"line":85,"type":"switch","locations":[{"start":{"line":90,"column":4},"end":{"line":105,"column":14}},{"start":{"line":111,"column":4},"end":{"line":193,"column":14},"skip":true}]},"9":{"line":91,"type":"binary-expr","locations":[{"start":{"line":91,"column":42},"end":{"line":91,"column":73}},{"start":{"line":91,"column":77},"end":{"line":99,"column":9}}]},"10":{"line":102,"type":"binary-expr","locations":[{"start":{"line":102,"column":18},"end":{"line":102,"column":32}},{"start":{"line":103,"column":12},"end":{"line":103,"column":53}},{"start":{"line":104,"column":12},"end":{"line":104,"column":61}}]},"11":{"line":112,"type":"binary-expr","locations":[{"start":{"line":112,"column":45},"end":{"line":112,"column":79},"skip":true},{"start":{"line":112,"column":83},"end":{"line":121,"column":9},"skip":true}]},"12":{"line":123,"type":"binary-expr","locations":[{"start":{"line":123,"column":42},"end":{"line":123,"column":73},"skip":true},{"start":{"line":123,"column":77},"end":{"line":136,"column":9},"skip":true}]},"13":{"line":138,"type":"binary-expr","locations":[{"start":{"line":138,"column":48},"end":{"line":138,"column":85},"skip":true},{"start":{"line":139,"column":12},"end":{"line":145,"column":13},"skip":true}]},"14":{"line":147,"type":"binary-expr","locations":[{"start":{"line":147,"column":42},"end":{"line":147,"column":73},"skip":true},{"start":{"line":147,"column":77},"end":{"line":156,"column":9},"skip":true}]},"15":{"line":158,"type":"binary-expr","locations":[{"start":{"line":158,"column":45},"end":{"line":158,"column":79},"skip":true},{"start":{"line":158,"column":83},"end":{"line":167,"column":9},"skip":true}]},"16":{"line":169,"type":"binary-expr","locations":[{"start":{"line":169,"column":43},"end":{"line":169,"column":75},"skip":true},{"start":{"line":169,"column":79},"end":{"line":178,"column":9},"skip":true}]},"17":{"line":180,"type":"binary-expr","locations":[{"start":{"line":180,"column":41},"end":{"line":180,"column":71},"skip":true},{"start":{"line":180,"column":75},"end":{"line":189,"column":9},"skip":true}]}},"code":["/* istanbul instrument in package npmtest_passport_saml */","/*jslint","    bitwise: true,","    browser: true,","    maxerr: 8,","    maxlen: 96,","    node: true,","    nomen: true,","    regexp: true,","    stupid: true","*/","(function () {","    'use strict';","    var local;","","","","    // run shared js-env code - init-before","    (function () {","        // init local","        local = {};","        // init modeJs","        local.modeJs = (function () {","            try {","                return typeof navigator.userAgent === 'string' &&","                    typeof document.querySelector('body') === 'object' &&","                    typeof XMLHttpRequest.prototype.open === 'function' &&","                    'browser';","            } catch (errorCaughtBrowser) {","                return module.exports &&","                    typeof process.versions.node === 'string' &&","                    typeof require('http').createServer === 'function' &&","                    'node';","            }","        }());","        // init global","        local.global = local.modeJs === 'browser'","            ? window","            : global;","        switch (local.modeJs) {","        // re-init local from window.local","        case 'browser':","            local = local.global.utility2.objectSetDefault(","                local.global.utility2_rollup || local.global.local,","                local.global.utility2","            );","            break;","        // re-init local from example.js","        case 'node':","            local = (local.global.utility2_rollup || require('utility2'))","                .requireReadme();","            break;","        }","        // export local","        local.global.local = local;","    }());","","","","    // run shared js-env code - function","    (function () {","        return;","    }());","    switch (local.modeJs) {","","","","    // run browser js-env code - function","    case 'browser':","        break;","","","","    // run node js-env code - function","    case 'node':","        break;","    }","","","","    // run shared js-env code - init-after","    (function () {","        return;","    }());","    switch (local.modeJs) {","","","","    // run browser js-env code - init-after","    case 'browser':","        local.testCase_browser_nullCase = local.testCase_browser_nullCase || function (","            options,","            onError","        ) {","        /*","         * this function will test browsers's null-case handling-behavior-behavior","         */","            onError(null, options);","        };","","        // run tests","        local.nop(local.modeTest &&","            document.querySelector('#testRunButton1') &&","            document.querySelector('#testRunButton1').click());","        break;","","","","    // run node js-env code - init-after","    /* istanbul ignore next */","    case 'node':","        local.testCase_buildApidoc_default = local.testCase_buildApidoc_default || function (","            options,","            onError","        ) {","        /*","         * this function will test buildApidoc's default handling-behavior-behavior","         */","            options = { modulePathList: module.paths };","            local.buildApidoc(options, onError);","        };","","        local.testCase_buildApp_default = local.testCase_buildApp_default || function (","            options,","            onError","        ) {","        /*","         * this function will test buildApp's default handling-behavior-behavior","         */","            local.testCase_buildReadme_default(options, local.onErrorThrow);","            local.testCase_buildLib_default(options, local.onErrorThrow);","            local.testCase_buildTest_default(options, local.onErrorThrow);","            local.testCase_buildCustomOrg_default(options, local.onErrorThrow);","            options = [];","            local.buildApp(options, onError);","        };","","        local.testCase_buildCustomOrg_default = local.testCase_buildCustomOrg_default ||","            function (options, onError) {","            /*","             * this function will test buildCustomOrg's default handling-behavior","             */","                options = {};","                local.buildCustomOrg(options, onError);","            };","","        local.testCase_buildLib_default = local.testCase_buildLib_default || function (","            options,","            onError","        ) {","        /*","         * this function will test buildLib's default handling-behavior","         */","            options = {};","            local.buildLib(options, onError);","        };","","        local.testCase_buildReadme_default = local.testCase_buildReadme_default || function (","            options,","            onError","        ) {","        /*","         * this function will test buildReadme's default handling-behavior-behavior","         */","            options = {};","            local.buildReadme(options, onError);","        };","","        local.testCase_buildTest_default = local.testCase_buildTest_default || function (","            options,","            onError","        ) {","        /*","         * this function will test buildTest's default handling-behavior","         */","            options = {};","            local.buildTest(options, onError);","        };","","        local.testCase_webpage_default = local.testCase_webpage_default || function (","            options,","            onError","        ) {","        /*","         * this function will test webpage's default handling-behavior","         */","            options = { modeCoverageMerge: true, url: local.serverLocalHost + '?modeTest=1' };","            local.browserTest(options, onError);","        };","","        // run test-server","        local.testRunServer(local);","        break;","    }","}());",""],"l":{"12":2,"14":2,"19":2,"21":2,"23":2,"24":2,"25":2,"30":1,"37":2,"40":2,"43":1,"47":1,"50":1,"52":1,"55":2,"61":2,"62":2,"64":2,"70":1,"76":1,"82":2,"83":2,"85":2,"91":1,"98":1,"102":1,"105":1,"112":1,"119":1,"120":1,"123":1,"130":1,"131":1,"132":1,"133":1,"134":1,"135":1,"138":1,"143":2,"144":2,"147":1,"154":2,"155":2,"158":1,"165":2,"166":2,"169":1,"176":2,"177":2,"180":1,"187":1,"188":1,"192":1,"193":1}},"/home/travis/build/npmtest/node-npmtest-passport-saml/lib.npmtest_passport_saml.js":{"path":"/home/travis/build/npmtest/node-npmtest-passport-saml/lib.npmtest_passport_saml.js","s":{"1":2,"2":2,"3":2,"4":2,"5":2,"6":2,"7":2,"8":1,"9":2,"10":2,"11":2,"12":2,"13":1,"14":1,"15":1,"16":1},"b":{"1":[2,1,1,1],"2":[1,1,1,1],"3":[1,1],"4":[2,2],"5":[1,1]},"f":{"1":2,"2":2,"3":2},"fnMap":{"1":{"name":"(anonymous_1)","line":12,"loc":{"start":{"line":12,"column":1},"end":{"line":12,"column":13}}},"2":{"name":"(anonymous_2)","line":19,"loc":{"start":{"line":19,"column":5},"end":{"line":19,"column":17}}},"3":{"name":"(anonymous_3)","line":23,"loc":{"start":{"line":23,"column":24},"end":{"line":23,"column":36}}}},"statementMap":{"1":{"start":{"line":12,"column":0},"end":{"line":53,"column":5}},"2":{"start":{"line":14,"column":4},"end":{"line":14,"column":14}},"3":{"start":{"line":19,"column":4},"end":{"line":52,"column":9}},"4":{"start":{"line":21,"column":8},"end":{"line":21,"column":19}},"5":{"start":{"line":23,"column":8},"end":{"line":35,"column":13}},"6":{"start":{"line":24,"column":12},"end":{"line":34,"column":13}},"7":{"start":{"line":25,"column":16},"end":{"line":28,"column":30}},"8":{"start":{"line":30,"column":16},"end":{"line":33,"column":27}},"9":{"start":{"line":37,"column":8},"end":{"line":39,"column":21}},"10":{"start":{"line":41,"column":8},"end":{"line":41,"column":54}},"11":{"start":{"line":43,"column":8},"end":{"line":43,"column":58}},"12":{"start":{"line":45,"column":8},"end":{"line":51,"column":9}},"13":{"start":{"line":46,"column":12},"end":{"line":46,"column":64}},"14":{"start":{"line":48,"column":12},"end":{"line":48,"column":35}},"15":{"start":{"line":49,"column":12},"end":{"line":49,"column":49}},"16":{"start":{"line":50,"column":12},"end":{"line":50,"column":43}}},"branchMap":{"1":{"line":25,"type":"binary-expr","locations":[{"start":{"line":25,"column":23},"end":{"line":25,"column":62}},{"start":{"line":26,"column":20},"end":{"line":26,"column":70}},{"start":{"line":27,"column":20},"end":{"line":27,"column":71}},{"start":{"line":28,"column":20},"end":{"line":28,"column":29}}]},"2":{"line":30,"type":"binary-expr","locations":[{"start":{"line":30,"column":23},"end":{"line":30,"column":37}},{"start":{"line":31,"column":20},"end":{"line":31,"column":61}},{"start":{"line":32,"column":20},"end":{"line":32,"column":70}},{"start":{"line":33,"column":20},"end":{"line":33,"column":26}}]},"3":{"line":37,"type":"cond-expr","locations":[{"start":{"line":38,"column":14},"end":{"line":38,"column":20}},{"start":{"line":39,"column":14},"end":{"line":39,"column":20}}]},"4":{"line":41,"type":"binary-expr","locations":[{"start":{"line":41,"column":16},"end":{"line":41,"column":44}},{"start":{"line":41,"column":48},"end":{"line":41,"column":53}}]},"5":{"line":45,"type":"if","locations":[{"start":{"line":45,"column":8},"end":{"line":45,"column":8}},{"start":{"line":45,"column":8},"end":{"line":45,"column":8}}]}},"code":["/* istanbul instrument in package npmtest_passport_saml */","/*jslint","    bitwise: true,","    browser: true,","    maxerr: 8,","    maxlen: 96,","    node: true,","    nomen: true,","    regexp: true,","    stupid: true","*/","(function () {","    'use strict';","    var local;","","","","    // run shared js-env code - init-before","    (function () {","        // init local","        local = {};","        // init modeJs","        local.modeJs = (function () {","            try {","                return typeof navigator.userAgent === 'string' &&","                    typeof document.querySelector('body') === 'object' &&","                    typeof XMLHttpRequest.prototype.open === 'function' &&","                    'browser';","            } catch (errorCaughtBrowser) {","                return module.exports &&","                    typeof process.versions.node === 'string' &&","                    typeof require('http').createServer === 'function' &&","                    'node';","            }","        }());","        // init global","        local.global = local.modeJs === 'browser'","            ? window","            : global;","        // init utility2_rollup","        local = local.global.utility2_rollup || local;","        // init lib","        local.local = local.npmtest_passport_saml = local;","        // init exports","        if (local.modeJs === 'browser') {","            local.global.utility2_npmtest_passport_saml = local;","        } else {","            module.exports = local;","            module.exports.__dirname = __dirname;","            module.exports.module = module;","        }","    }());","}());",""],"l":{"12":2,"14":2,"19":2,"21":2,"23":2,"24":2,"25":2,"30":1,"37":2,"41":2,"43":2,"45":2,"46":1,"48":1,"49":1,"50":1}},"/home/travis/build/npmtest/node-npmtest-passport-saml/example.js":{"path":"/home/travis/build/npmtest/node-npmtest-passport-saml/example.js","s":{"1":2,"2":2,"3":2,"4":2,"5":2,"6":2,"7":2,"8":1,"9":2,"10":2,"11":2,"12":2,"13":1,"14":2,"15":2,"16":2,"17":2,"18":2,"19":0,"20":2,"21":1,"22":1,"23":1,"24":1,"25":1,"26":0,"27":0,"28":1,"29":1,"30":2,"31":0,"32":0,"33":0,"34":1,"35":2,"36":2,"37":3,"38":3,"39":3,"40":3,"41":0,"42":3,"43":3,"44":3,"45":1,"46":3,"47":1,"48":1,"49":1,"50":1,"51":1,"52":1,"53":1,"54":1,"55":1,"56":1,"57":0,"58":1,"59":6,"60":6,"61":1,"62":2,"63":0,"64":2,"65":1,"66":1,"67":0,"68":0,"69":0,"70":0,"71":0,"72":0,"73":0,"74":0,"75":0,"76":0,"77":0,"78":0,"79":0,"80":0,"81":0,"82":0,"83":0},"b":{"1":[2,1,1,1],"2":[1,1,1,1],"3":[1,1],"4":[2,2],"5":[1,1],"6":[1,1],"7":[2,0],"8":[2,1,1,1,1,1],"9":[0,2,0],"10":[1,1],"11":[2,1,1],"12":[1,0],"13":[0,2],"14":[2,0,0,0,0,0,0],"15":[0,3],"16":[3,0],"17":[1,1],"18":[0,1],"19":[1,2,0,2],"20":[1,0],"21":[1,1],"22":[0,0],"23":[0,0],"24":[0,0],"25":[0,0],"26":[0,0],"27":[0,0],"28":[0,0]},"f":{"1":2,"2":2,"3":2,"4":2,"5":2,"6":2,"7":3,"8":3,"9":3,"10":1,"11":6,"12":0},"fnMap":{"1":{"name":"(anonymous_1)","line":26,"loc":{"start":{"line":26,"column":1},"end":{"line":26,"column":13}}},"2":{"name":"(anonymous_2)","line":33,"loc":{"start":{"line":33,"column":5},"end":{"line":33,"column":17}}},"3":{"name":"(anonymous_3)","line":37,"loc":{"start":{"line":37,"column":24},"end":{"line":37,"column":36}}},"4":{"name":"(anonymous_4)","line":69,"loc":{"start":{"line":69,"column":31},"end":{"line":69,"column":48}},"skip":true},"5":{"name":"(anonymous_5)","line":78,"loc":{"start":{"line":78,"column":26},"end":{"line":78,"column":45}},"skip":true},"6":{"name":"(anonymous_6)","line":123,"loc":{"start":{"line":123,"column":33},"end":{"line":123,"column":48}},"skip":true},"7":{"name":"(anonymous_7)","line":125,"loc":{"start":{"line":125,"column":27},"end":{"line":125,"column":39}},"skip":true},"8":{"name":"(anonymous_8)","line":133,"loc":{"start":{"line":133,"column":59},"end":{"line":133,"column":74}},"skip":true},"9":{"name":"(anonymous_9)","line":143,"loc":{"start":{"line":143,"column":45},"end":{"line":143,"column":62}},"skip":true},"10":{"name":"(anonymous_10)","line":144,"loc":{"start":{"line":144,"column":73},"end":{"line":144,"column":92}},"skip":true},"11":{"name":"(anonymous_11)","line":272,"loc":{"start":{"line":272,"column":51},"end":{"line":272,"column":77}},"skip":true},"12":{"name":"(anonymous_12)","line":315,"loc":{"start":{"line":315,"column":32},"end":{"line":315,"column":61}},"skip":true}},"statementMap":{"1":{"start":{"line":26,"column":0},"end":{"line":326,"column":5}},"2":{"start":{"line":28,"column":4},"end":{"line":28,"column":14}},"3":{"start":{"line":33,"column":4},"end":{"line":60,"column":9}},"4":{"start":{"line":35,"column":8},"end":{"line":35,"column":19}},"5":{"start":{"line":37,"column":8},"end":{"line":49,"column":13}},"6":{"start":{"line":38,"column":12},"end":{"line":48,"column":13}},"7":{"start":{"line":39,"column":16},"end":{"line":42,"column":30}},"8":{"start":{"line":44,"column":16},"end":{"line":47,"column":27}},"9":{"start":{"line":51,"column":8},"end":{"line":53,"column":21}},"10":{"start":{"line":55,"column":8},"end":{"line":57,"column":45}},"11":{"start":{"line":59,"column":8},"end":{"line":59,"column":35}},"12":{"start":{"line":61,"column":4},"end":{"line":325,"column":5}},"13":{"start":{"line":69,"column":8},"end":{"line":121,"column":10},"skip":true},"14":{"start":{"line":70,"column":12},"end":{"line":88,"column":13},"skip":true},"15":{"start":{"line":76,"column":16},"end":{"line":87,"column":19},"skip":true},"16":{"start":{"line":79,"column":20},"end":{"line":86,"column":21},"skip":true},"17":{"start":{"line":82,"column":24},"end":{"line":82,"column":43},"skip":true},"18":{"start":{"line":83,"column":24},"end":{"line":83,"column":30},"skip":true},"19":{"start":{"line":85,"column":24},"end":{"line":85,"column":49},"skip":true},"20":{"start":{"line":89,"column":12},"end":{"line":107,"column":13},"skip":true},"21":{"start":{"line":92,"column":16},"end":{"line":102,"column":17},"skip":true},"22":{"start":{"line":93,"column":20},"end":{"line":93,"column":86},"skip":true},"23":{"start":{"line":94,"column":20},"end":{"line":95,"column":45},"skip":true},"24":{"start":{"line":96,"column":20},"end":{"line":96,"column":42},"skip":true},"25":{"start":{"line":97,"column":20},"end":{"line":97,"column":48},"skip":true},"26":{"start":{"line":100,"column":20},"end":{"line":100,"column":85},"skip":true},"27":{"start":{"line":101,"column":20},"end":{"line":101,"column":96},"skip":true},"28":{"start":{"line":103,"column":16},"end":{"line":103,"column":22},"skip":true},"29":{"start":{"line":106,"column":16},"end":{"line":106,"column":22},"skip":true},"30":{"start":{"line":108,"column":12},"end":{"line":120,"column":13},"skip":true},"31":{"start":{"line":114,"column":16},"end":{"line":119,"column":17},"skip":true},"32":{"start":{"line":116,"column":20},"end":{"line":116,"column":78},"skip":true},"33":{"start":{"line":118,"column":20},"end":{"line":118,"column":47},"skip":true},"34":{"start":{"line":123,"column":8},"end":{"line":141,"column":11},"skip":true},"35":{"start":{"line":124,"column":12},"end":{"line":124,"column":54},"skip":true},"36":{"start":{"line":125,"column":12},"end":{"line":140,"column":14},"skip":true},"37":{"start":{"line":126,"column":16},"end":{"line":126,"column":28},"skip":true},"38":{"start":{"line":127,"column":16},"end":{"line":127,"column":69},"skip":true},"39":{"start":{"line":128,"column":16},"end":{"line":128,"column":75},"skip":true},"40":{"start":{"line":129,"column":16},"end":{"line":131,"column":17},"skip":true},"41":{"start":{"line":130,"column":20},"end":{"line":130,"column":27},"skip":true},"42":{"start":{"line":133,"column":16},"end":{"line":137,"column":36},"skip":true},"43":{"start":{"line":134,"column":20},"end":{"line":136,"column":55},"skip":true},"44":{"start":{"line":139,"column":16},"end":{"line":139,"column":57},"skip":true},"45":{"start":{"line":143,"column":8},"end":{"line":147,"column":11},"skip":true},"46":{"start":{"line":144,"column":12},"end":{"line":146,"column":15},"skip":true},"47":{"start":{"line":145,"column":16},"end":{"line":145,"column":70},"skip":true},"48":{"start":{"line":149,"column":8},"end":{"line":149,"column":31},"skip":true},"49":{"start":{"line":150,"column":8},"end":{"line":150,"column":14},"skip":true},"50":{"start":{"line":158,"column":8},"end":{"line":158,"column":31},"skip":true},"51":{"start":{"line":160,"column":8},"end":{"line":160,"column":33},"skip":true},"52":{"start":{"line":161,"column":8},"end":{"line":161,"column":37},"skip":true},"53":{"start":{"line":162,"column":8},"end":{"line":162,"column":35},"skip":true},"54":{"start":{"line":164,"column":8},"end":{"line":164,"column":50},"skip":true},"55":{"start":{"line":166,"column":8},"end":{"line":256,"column":2},"skip":true},"56":{"start":{"line":258,"column":8},"end":{"line":286,"column":9},"skip":true},"57":{"start":{"line":259,"column":12},"end":{"line":269,"column":14},"skip":true},"58":{"start":{"line":271,"column":12},"end":{"line":285,"column":19},"skip":true},"59":{"start":{"line":274,"column":20},"end":{"line":274,"column":35},"skip":true},"60":{"start":{"line":275,"column":20},"end":{"line":284,"column":21},"skip":true},"61":{"start":{"line":277,"column":24},"end":{"line":277,"column":64},"skip":true},"62":{"start":{"line":279,"column":24},"end":{"line":279,"column":40},"skip":true},"63":{"start":{"line":281,"column":24},"end":{"line":281,"column":40},"skip":true},"64":{"start":{"line":283,"column":24},"end":{"line":283,"column":39},"skip":true},"65":{"start":{"line":288,"column":8},"end":{"line":290,"column":9},"skip":true},"66":{"start":{"line":289,"column":12},"end":{"line":289,"column":18},"skip":true},"67":{"start":{"line":291,"column":8},"end":{"line":293,"column":54},"skip":true},"68":{"start":{"line":296,"column":8},"end":{"line":301,"column":37},"skip":true},"69":{"start":{"line":303,"column":8},"end":{"line":303,"column":82},"skip":true},"70":{"start":{"line":306,"column":8},"end":{"line":308,"column":9},"skip":true},"71":{"start":{"line":307,"column":12},"end":{"line":307,"column":82},"skip":true},"72":{"start":{"line":310,"column":8},"end":{"line":312,"column":9},"skip":true},"73":{"start":{"line":311,"column":12},"end":{"line":311,"column":18},"skip":true},"74":{"start":{"line":313,"column":8},"end":{"line":313,"column":54},"skip":true},"75":{"start":{"line":314,"column":8},"end":{"line":314,"column":69},"skip":true},"76":{"start":{"line":315,"column":8},"end":{"line":323,"column":36},"skip":true},"77":{"start":{"line":316,"column":12},"end":{"line":316,"column":61},"skip":true},"78":{"start":{"line":317,"column":12},"end":{"line":320,"column":13},"skip":true},"79":{"start":{"line":318,"column":16},"end":{"line":318,"column":75},"skip":true},"80":{"start":{"line":319,"column":16},"end":{"line":319,"column":23},"skip":true},"81":{"start":{"line":321,"column":12},"end":{"line":321,"column":38},"skip":true},"82":{"start":{"line":322,"column":12},"end":{"line":322,"column":27},"skip":true},"83":{"start":{"line":324,"column":8},"end":{"line":324,"column":14},"skip":true}},"branchMap":{"1":{"line":39,"type":"binary-expr","locations":[{"start":{"line":39,"column":23},"end":{"line":39,"column":62}},{"start":{"line":40,"column":20},"end":{"line":40,"column":70}},{"start":{"line":41,"column":20},"end":{"line":41,"column":71}},{"start":{"line":42,"column":20},"end":{"line":42,"column":29}}]},"2":{"line":44,"type":"binary-expr","locations":[{"start":{"line":44,"column":23},"end":{"line":44,"column":37}},{"start":{"line":45,"column":20},"end":{"line":45,"column":61}},{"start":{"line":46,"column":20},"end":{"line":46,"column":70}},{"start":{"line":47,"column":20},"end":{"line":47,"column":26}}]},"3":{"line":51,"type":"cond-expr","locations":[{"start":{"line":52,"column":14},"end":{"line":52,"column":20}},{"start":{"line":53,"column":14},"end":{"line":53,"column":20}}]},"4":{"line":55,"type":"binary-expr","locations":[{"start":{"line":55,"column":16},"end":{"line":55,"column":44}},{"start":{"line":55,"column":49},"end":{"line":57,"column":43}}]},"5":{"line":55,"type":"cond-expr","locations":[{"start":{"line":56,"column":14},"end":{"line":56,"column":57}},{"start":{"line":57,"column":14},"end":{"line":57,"column":43}}]},"6":{"line":61,"type":"switch","locations":[{"start":{"line":68,"column":4},"end":{"line":150,"column":14},"skip":true},{"start":{"line":156,"column":4},"end":{"line":324,"column":14},"skip":true}]},"7":{"line":70,"type":"if","locations":[{"start":{"line":70,"column":12},"end":{"line":70,"column":12},"skip":true},{"start":{"line":70,"column":12},"end":{"line":70,"column":12},"skip":true}]},"8":{"line":70,"type":"binary-expr","locations":[{"start":{"line":70,"column":16},"end":{"line":70,"column":22},"skip":true},{"start":{"line":70,"column":27},"end":{"line":70,"column":32},"skip":true},{"start":{"line":71,"column":20},"end":{"line":71,"column":39},"skip":true},{"start":{"line":72,"column":20},"end":{"line":72,"column":49},"skip":true},{"start":{"line":73,"column":20},"end":{"line":73,"column":58},"skip":true},{"start":{"line":74,"column":20},"end":{"line":74,"column":69},"skip":true}]},"9":{"line":79,"type":"switch","locations":[{"start":{"line":80,"column":20},"end":{"line":80,"column":33},"skip":true},{"start":{"line":81,"column":20},"end":{"line":83,"column":30},"skip":true},{"start":{"line":84,"column":20},"end":{"line":85,"column":49},"skip":true}]},"10":{"line":89,"type":"switch","locations":[{"start":{"line":90,"column":12},"end":{"line":103,"column":22},"skip":true},{"start":{"line":105,"column":12},"end":{"line":106,"column":22},"skip":true}]},"11":{"line":89,"type":"binary-expr","locations":[{"start":{"line":89,"column":20},"end":{"line":89,"column":25},"skip":true},{"start":{"line":89,"column":29},"end":{"line":89,"column":48},"skip":true},{"start":{"line":89,"column":52},"end":{"line":89,"column":74},"skip":true}]},"12":{"line":92,"type":"if","locations":[{"start":{"line":92,"column":16},"end":{"line":92,"column":16},"skip":true},{"start":{"line":92,"column":16},"end":{"line":92,"column":16},"skip":true}]},"13":{"line":108,"type":"if","locations":[{"start":{"line":108,"column":12},"end":{"line":108,"column":12},"skip":true},{"start":{"line":108,"column":12},"end":{"line":108,"column":12},"skip":true}]},"14":{"line":108,"type":"binary-expr","locations":[{"start":{"line":108,"column":16},"end":{"line":108,"column":61},"skip":true},{"start":{"line":108,"column":66},"end":{"line":108,"column":72},"skip":true},{"start":{"line":108,"column":77},"end":{"line":108,"column":82},"skip":true},{"start":{"line":109,"column":20},"end":{"line":109,"column":39},"skip":true},{"start":{"line":110,"column":20},"end":{"line":110,"column":49},"skip":true},{"start":{"line":111,"column":20},"end":{"line":111,"column":58},"skip":true},{"start":{"line":112,"column":20},"end":{"line":112,"column":68},"skip":true}]},"15":{"line":129,"type":"if","locations":[{"start":{"line":129,"column":16},"end":{"line":129,"column":16},"skip":true},{"start":{"line":129,"column":16},"end":{"line":129,"column":16},"skip":true}]},"16":{"line":134,"type":"cond-expr","locations":[{"start":{"line":135,"column":26},"end":{"line":135,"column":29},"skip":true},{"start":{"line":136,"column":26},"end":{"line":136,"column":54},"skip":true}]},"17":{"line":164,"type":"binary-expr","locations":[{"start":{"line":164,"column":27},"end":{"line":164,"column":43},"skip":true},{"start":{"line":164,"column":47},"end":{"line":164,"column":49},"skip":true}]},"18":{"line":258,"type":"if","locations":[{"start":{"line":258,"column":8},"end":{"line":258,"column":8},"skip":true},{"start":{"line":258,"column":8},"end":{"line":258,"column":8},"skip":true}]},"19":{"line":275,"type":"switch","locations":[{"start":{"line":276,"column":20},"end":{"line":277,"column":64},"skip":true},{"start":{"line":278,"column":20},"end":{"line":279,"column":40},"skip":true},{"start":{"line":280,"column":20},"end":{"line":281,"column":40},"skip":true},{"start":{"line":282,"column":20},"end":{"line":283,"column":39},"skip":true}]},"20":{"line":288,"type":"if","locations":[{"start":{"line":288,"column":8},"end":{"line":288,"column":8},"skip":true},{"start":{"line":288,"column":8},"end":{"line":288,"column":8},"skip":true}]},"21":{"line":288,"type":"binary-expr","locations":[{"start":{"line":288,"column":12},"end":{"line":288,"column":40},"skip":true},{"start":{"line":288,"column":44},"end":{"line":288,"column":67},"skip":true}]},"22":{"line":292,"type":"binary-expr","locations":[{"start":{"line":292,"column":12},"end":{"line":292,"column":50},"skip":true},{"start":{"line":293,"column":12},"end":{"line":293,"column":53},"skip":true}]},"23":{"line":297,"type":"binary-expr","locations":[{"start":{"line":297,"column":12},"end":{"line":297,"column":71},"skip":true},{"start":{"line":298,"column":12},"end":{"line":301,"column":36},"skip":true}]},"24":{"line":303,"type":"binary-expr","locations":[{"start":{"line":303,"column":43},"end":{"line":303,"column":75},"skip":true},{"start":{"line":303,"column":79},"end":{"line":303,"column":81},"skip":true}]},"25":{"line":306,"type":"if","locations":[{"start":{"line":306,"column":8},"end":{"line":306,"column":8},"skip":true},{"start":{"line":306,"column":8},"end":{"line":306,"column":8},"skip":true}]},"26":{"line":310,"type":"if","locations":[{"start":{"line":310,"column":8},"end":{"line":310,"column":8},"skip":true},{"start":{"line":310,"column":8},"end":{"line":310,"column":8},"skip":true}]},"27":{"line":313,"type":"binary-expr","locations":[{"start":{"line":313,"column":27},"end":{"line":313,"column":43},"skip":true},{"start":{"line":313,"column":47},"end":{"line":313,"column":53},"skip":true}]},"28":{"line":317,"type":"if","locations":[{"start":{"line":317,"column":12},"end":{"line":317,"column":12},"skip":true},{"start":{"line":317,"column":12},"end":{"line":317,"column":12},"skip":true}]}},"code":["/*","example.js","","quickstart example","","instruction","    1. save this script as example.js","    2. run the shell command:","        $ npm install npmtest-passport-saml && PORT=8081 node example.js","    3. play with the browser-demo on http://127.0.0.1:8081","*/","","","","/* istanbul instrument in package npmtest_passport_saml */","/*jslint","    bitwise: true,","    browser: true,","    maxerr: 8,","    maxlen: 96,","    node: true,","    nomen: true,","    regexp: true,","    stupid: true","*/","(function () {","    'use strict';","    var local;","","","","    // run shared js-env code - init-before","    (function () {","        // init local","        local = {};","        // init modeJs","        local.modeJs = (function () {","            try {","                return typeof navigator.userAgent === 'string' &&","                    typeof document.querySelector('body') === 'object' &&","                    typeof XMLHttpRequest.prototype.open === 'function' &&","                    'browser';","            } catch (errorCaughtBrowser) {","                return module.exports &&","                    typeof process.versions.node === 'string' &&","                    typeof require('http').createServer === 'function' &&","                    'node';","            }","        }());","        // init global","        local.global = local.modeJs === 'browser'","            ? window","            : global;","        // init utility2_rollup","        local = local.global.utility2_rollup || (local.modeJs === 'browser'","            ? local.global.utility2_npmtest_passport_saml","            : global.utility2_moduleExports);","        // export local","        local.global.local = local;","    }());","    switch (local.modeJs) {","","","","    // init-after","    // run browser js-env code - init-after","    /* istanbul ignore next */","    case 'browser':","        local.testRunBrowser = function (event) {","            if (!event || (event &&","                    event.currentTarget &&","                    event.currentTarget.className &&","                    event.currentTarget.className.includes &&","                    event.currentTarget.className.includes('onreset'))) {","                // reset output","                Array.from(","                    document.querySelectorAll('body > .resettable')","                ).forEach(function (element) {","                    switch (element.tagName) {","                    case 'INPUT':","                    case 'TEXTAREA':","                        element.value = '';","                        break;","                    default:","                        element.textContent = '';","                    }","                });","            }","            switch (event && event.currentTarget && event.currentTarget.id) {","            case 'testRunButton1':","                // show tests","                if (document.querySelector('#testReportDiv1').style.display === 'none') {","                    document.querySelector('#testReportDiv1').style.display = 'block';","                    document.querySelector('#testRunButton1').textContent =","                        'hide internal test';","                    local.modeTest = true;","                    local.testRunDefault(local);","                // hide tests","                } else {","                    document.querySelector('#testReportDiv1').style.display = 'none';","                    document.querySelector('#testRunButton1').textContent = 'run internal test';","                }","                break;","            // custom-case","            default:","                break;","            }","            if (document.querySelector('#inputTextareaEval1') && (!event || (event &&","                    event.currentTarget &&","                    event.currentTarget.className &&","                    event.currentTarget.className.includes &&","                    event.currentTarget.className.includes('oneval')))) {","                // try to eval input-code","                try {","                    /*jslint evil: true*/","                    eval(document.querySelector('#inputTextareaEval1').value);","                } catch (errorCaught) {","                    console.error(errorCaught);","                }","            }","        };","        // log stderr and stdout to #outputTextareaStdout1","        ['error', 'log'].forEach(function (key) {","            console[key + '_original'] = console[key];","            console[key] = function () {","                var element;","                console[key + '_original'].apply(console, arguments);","                element = document.querySelector('#outputTextareaStdout1');","                if (!element) {","                    return;","                }","                // append text to #outputTextareaStdout1","                element.value += Array.from(arguments).map(function (arg) {","                    return typeof arg === 'string'","                        ? arg","                        : JSON.stringify(arg, null, 4);","                }).join(' ') + '\\n';","                // scroll textarea to bottom","                element.scrollTop = element.scrollHeight;","            };","        });","        // init event-handling","        ['change', 'click', 'keyup'].forEach(function (event) {","            Array.from(document.querySelectorAll('.on' + event)).forEach(function (element) {","                element.addEventListener(event, local.testRunBrowser);","            });","        });","        // run tests","        local.testRunBrowser();","        break;","","","","    // run node js-env code - init-after","    /* istanbul ignore next */","    case 'node':","        // export local","        module.exports = local;","        // require modules","        local.fs = require('fs');","        local.http = require('http');","        local.url = require('url');","        // init assets","        local.assetsDict = local.assetsDict || {};","        /* jslint-ignore-begin */","        local.assetsDict['/assets.index.template.html'] = '\\","<!doctype html>\\n\\","<html lang=\"en\">\\n\\","<head>\\n\\","<meta charset=\"UTF-8\">\\n\\","<meta name=\"viewport\" content=\"width=device-width, initial-scale=1\">\\n\\","<title>{{env.npm_package_name}} (v{{env.npm_package_version}})</title>\\n\\","<style>\\n\\","/*csslint\\n\\","    box-sizing: false,\\n\\","    universal-selector: false\\n\\","*/\\n\\","* {\\n\\","    box-sizing: border-box;\\n\\","}\\n\\","body {\\n\\","    background: #dde;\\n\\","    font-family: Arial, Helvetica, sans-serif;\\n\\","    margin: 2rem;\\n\\","}\\n\\","body > * {\\n\\","    margin-bottom: 1rem;\\n\\","}\\n\\",".utility2FooterDiv {\\n\\","    margin-top: 20px;\\n\\","    text-align: center;\\n\\","}\\n\\","</style>\\n\\","<style>\\n\\","/*csslint\\n\\","*/\\n\\","textarea {\\n\\","    font-family: monospace;\\n\\","    height: 10rem;\\n\\","    width: 100%;\\n\\","}\\n\\","textarea[readonly] {\\n\\","    background: #ddd;\\n\\","}\\n\\","</style>\\n\\","</head>\\n\\","<body>\\n\\","<!-- utility2-comment\\n\\","<div id=\"ajaxProgressDiv1\" style=\"background: #d00; height: 2px; left: 0; margin: 0; padding: 0; position: fixed; top: 0; transition: background 0.5s, width 1.5s; width: 25%;\"></div>\\n\\","utility2-comment -->\\n\\","<h1>\\n\\","<!-- utility2-comment\\n\\","    <a\\n\\","        {{#if env.npm_package_homepage}}\\n\\","        href=\"{{env.npm_package_homepage}}\"\\n\\","        {{/if env.npm_package_homepage}}\\n\\","        target=\"_blank\"\\n\\","    >\\n\\","utility2-comment -->\\n\\","        {{env.npm_package_name}} (v{{env.npm_package_version}})\\n\\","<!-- utility2-comment\\n\\","    </a>\\n\\","utility2-comment -->\\n\\","</h1>\\n\\","<h3>{{env.npm_package_description}}</h3>\\n\\","<!-- utility2-comment\\n\\","<h4><a download href=\"assets.app.js\">download standalone app</a></h4>\\n\\","<button class=\"onclick onreset\" id=\"testRunButton1\">run internal test</button><br>\\n\\","<div id=\"testReportDiv1\" style=\"display: none;\"></div>\\n\\","utility2-comment -->\\n\\","\\n\\","\\n\\","\\n\\","<label>stderr and stdout</label>\\n\\","<textarea class=\"resettable\" id=\"outputTextareaStdout1\" readonly></textarea>\\n\\","<!-- utility2-comment\\n\\","{{#if isRollup}}\\n\\","<script src=\"assets.app.js\"></script>\\n\\","{{#unless isRollup}}\\n\\","utility2-comment -->\\n\\","<script src=\"assets.utility2.rollup.js\"></script>\\n\\","<script src=\"jsonp.utility2._stateInit?callback=window.utility2._stateInit\"></script>\\n\\","<script src=\"assets.npmtest_passport_saml.rollup.js\"></script>\\n\\","<script src=\"assets.example.js\"></script>\\n\\","<script src=\"assets.test.js\"></script>\\n\\","<!-- utility2-comment\\n\\","{{/if isRollup}}\\n\\","utility2-comment -->\\n\\","<div class=\"utility2FooterDiv\">\\n\\","    [ this app was created with\\n\\","    <a href=\"https://github.com/kaizhu256/node-utility2\" target=\"_blank\">utility2</a>\\n\\","    ]\\n\\","</div>\\n\\","</body>\\n\\","</html>\\n\\","';","        /* jslint-ignore-end */","        if (local.templateRender) {","            local.assetsDict['/'] = local.templateRender(","                local.assetsDict['/assets.index.template.html'],","                {","                    env: local.objectSetDefault(local.env, {","                        npm_package_description: 'the greatest app in the world!',","                        npm_package_name: 'my-app',","                        npm_package_nameAlias: 'my_app',","                        npm_package_version: '0.0.1'","                    })","                }","            );","        } else {","            local.assetsDict['/'] = local.assetsDict['/assets.index.template.html']","                .replace((/\\{\\{env\\.(\\w+?)\\}\\}/g), function (match0, match1) {","                    // jslint-hack","                    String(match0);","                    switch (match1) {","                    case 'npm_package_description':","                        return 'the greatest app in the world!';","                    case 'npm_package_name':","                        return 'my-app';","                    case 'npm_package_nameAlias':","                        return 'my_app';","                    case 'npm_package_version':","                        return '0.0.1';","                    }","                });","        }","        // run the cli","        if (local.global.utility2_rollup || module !== require.main) {","            break;","        }","        local.assetsDict['/assets.example.js'] =","            local.assetsDict['/assets.example.js'] ||","            local.fs.readFileSync(__filename, 'utf8');","        // bug-workaround - long $npm_package_buildCustomOrg","        /* jslint-ignore-begin */","        local.assetsDict['/assets.npmtest_passport_saml.rollup.js'] =","            local.assetsDict['/assets.npmtest_passport_saml.rollup.js'] ||","            local.fs.readFileSync(","                local.npmtest_passport_saml.__dirname + '/lib.npmtest_passport_saml.js',","                'utf8'","            ).replace((/^#!/), '//');","        /* jslint-ignore-end */","        local.assetsDict['/favicon.ico'] = local.assetsDict['/favicon.ico'] || '';","        // if $npm_config_timeout_exit exists,","        // then exit this process after $npm_config_timeout_exit ms","        if (Number(process.env.npm_config_timeout_exit)) {","            setTimeout(process.exit, Number(process.env.npm_config_timeout_exit));","        }","        // start server","        if (local.global.utility2_serverHttp1) {","            break;","        }","        process.env.PORT = process.env.PORT || '8081';","        console.error('server starting on port ' + process.env.PORT);","        local.http.createServer(function (request, response) {","            request.urlParsed = local.url.parse(request.url);","            if (local.assetsDict[request.urlParsed.pathname] !== undefined) {","                response.end(local.assetsDict[request.urlParsed.pathname]);","                return;","            }","            response.statusCode = 404;","            response.end();","        }).listen(process.env.PORT);","        break;","    }","}());",""],"l":{"26":2,"28":2,"33":2,"35":2,"37":2,"38":2,"39":2,"44":1,"51":2,"55":2,"59":2,"61":2,"69":1,"70":2,"76":2,"79":2,"82":2,"83":2,"85":1,"89":2,"92":1,"93":1,"94":1,"96":1,"97":1,"100":1,"101":1,"103":1,"106":1,"108":2,"114":1,"116":1,"118":1,"123":1,"124":2,"125":2,"126":3,"127":3,"128":3,"129":3,"130":1,"133":3,"134":3,"139":3,"143":1,"144":3,"145":1,"149":1,"150":1,"158":1,"160":1,"161":1,"162":1,"164":1,"166":1,"258":1,"259":1,"271":1,"274":6,"275":6,"277":1,"279":2,"281":1,"283":2,"288":1,"289":1,"291":1,"296":1,"303":1,"306":1,"307":1,"310":1,"311":1,"313":1,"314":1,"315":1,"316":1,"317":1,"318":1,"319":1,"321":1,"322":1,"324":1}},"/home/travis/build/npmtest/node-npmtest-passport-saml/node_modules/passport-saml/lib/passport-saml/index.js":{"path":"/home/travis/build/npmtest/node-npmtest-passport-saml/node_modules/passport-saml/lib/passport-saml/index.js","s":{"1":1,"2":1},"b":{},"f":{},"fnMap":{},"statementMap":{"1":{"start":{"line":1,"column":0},"end":{"line":1,"column":41}},"2":{"start":{"line":2,"column":0},"end":{"line":2,"column":38}}},"branchMap":{},"code":["exports.Strategy = require('./strategy');","exports.SAML = require('./saml').SAML;",""],"l":{"1":1,"2":1}},"/home/travis/build/npmtest/node-npmtest-passport-saml/node_modules/passport-saml/lib/passport-saml/strategy.js":{"path":"/home/travis/build/npmtest/node-npmtest-passport-saml/node_modules/passport-saml/lib/passport-saml/strategy.js","s":{"1":1,"2":1,"3":1,"4":1,"5":0,"6":0,"7":0,"8":0,"9":0,"10":0,"11":0,"12":0,"13":0,"14":0,"15":0,"16":1,"17":1,"18":0,"19":0,"20":1,"21":0,"22":0,"23":0,"24":0,"25":0,"26":0,"27":0,"28":0,"29":0,"30":0,"31":0,"32":0,"33":0,"34":0,"35":0,"36":0,"37":0,"38":1,"39":0,"40":0,"41":0,"42":0,"43":0,"44":0,"45":0,"46":0,"47":0,"48":0,"49":0,"50":0,"51":0,"52":0,"53":0,"54":0,"55":0,"56":0,"57":0,"58":1,"59":0,"60":1,"61":0,"62":1},"b":{"1":[0,0],"2":[0,0],"3":[0,0],"4":[0,0],"5":[0,0],"6":[0,0],"7":[0,0],"8":[0,0],"9":[0,0],"10":[0,0],"11":[0,0],"12":[0,0],"13":[0,0],"14":[0,0],"15":[0,0],"16":[0,0],"17":[0,0],"18":[0,0]},"f":{"1":0,"2":0,"3":0,"4":0,"5":0,"6":0,"7":0,"8":0,"9":0,"10":0},"fnMap":{"1":{"name":"Strategy","line":5,"loc":{"start":{"line":5,"column":0},"end":{"line":5,"column":36}}},"2":{"name":"(anonymous_2)","line":27,"loc":{"start":{"line":27,"column":34},"end":{"line":27,"column":58}}},"3":{"name":"validateCallback","line":32,"loc":{"start":{"line":32,"column":2},"end":{"line":32,"column":53}}},"4":{"name":"(anonymous_4)","line":46,"loc":{"start":{"line":46,"column":21},"end":{"line":46,"column":48}}},"5":{"name":"redirectIfSuccess","line":65,"loc":{"start":{"line":65,"column":2},"end":{"line":65,"column":39}}},"6":{"name":"(anonymous_6)","line":79,"loc":{"start":{"line":79,"column":23},"end":{"line":79,"column":34}}},"7":{"name":"(anonymous_7)","line":81,"loc":{"start":{"line":81,"column":43},"end":{"line":81,"column":63}}},"8":{"name":"(anonymous_8)","line":93,"loc":{"start":{"line":93,"column":24},"end":{"line":93,"column":35}}},"9":{"name":"(anonymous_9)","line":106,"loc":{"start":{"line":106,"column":28},"end":{"line":106,"column":52}}},"10":{"name":"(anonymous_10)","line":110,"loc":{"start":{"line":110,"column":53},"end":{"line":110,"column":80}}}},"statementMap":{"1":{"start":{"line":1,"column":0},"end":{"line":1,"column":44}},"2":{"start":{"line":2,"column":0},"end":{"line":2,"column":27}},"3":{"start":{"line":3,"column":0},"end":{"line":3,"column":29}},"4":{"start":{"line":5,"column":0},"end":{"line":23,"column":1}},"5":{"start":{"line":6,"column":2},"end":{"line":9,"column":3}},"6":{"start":{"line":7,"column":4},"end":{"line":7,"column":21}},"7":{"start":{"line":8,"column":4},"end":{"line":8,"column":17}},"8":{"start":{"line":11,"column":2},"end":{"line":13,"column":3}},"9":{"start":{"line":12,"column":4},"end":{"line":12,"column":79}},"10":{"start":{"line":15,"column":2},"end":{"line":15,"column":21}},"11":{"start":{"line":17,"column":2},"end":{"line":17,"column":31}},"12":{"start":{"line":19,"column":2},"end":{"line":19,"column":24}},"13":{"start":{"line":20,"column":2},"end":{"line":20,"column":38}},"14":{"start":{"line":21,"column":2},"end":{"line":21,"column":56}},"15":{"start":{"line":22,"column":2},"end":{"line":22,"column":77}},"16":{"start":{"line":25,"column":0},"end":{"line":25,"column":43}},"17":{"start":{"line":27,"column":0},"end":{"line":104,"column":2}},"18":{"start":{"line":28,"column":2},"end":{"line":28,"column":18}},"19":{"start":{"line":30,"column":2},"end":{"line":30,"column":65}},"20":{"start":{"line":32,"column":2},"end":{"line":63,"column":3}},"21":{"start":{"line":33,"column":6},"end":{"line":35,"column":7}},"22":{"start":{"line":34,"column":8},"end":{"line":34,"column":31}},"23":{"start":{"line":37,"column":6},"end":{"line":44,"column":7}},"24":{"start":{"line":38,"column":8},"end":{"line":38,"column":21}},"25":{"start":{"line":39,"column":8},"end":{"line":42,"column":9}},"26":{"start":{"line":40,"column":10},"end":{"line":40,"column":42}},"27":{"start":{"line":41,"column":10},"end":{"line":41,"column":73}},"28":{"start":{"line":43,"column":8},"end":{"line":43,"column":27}},"29":{"start":{"line":46,"column":6},"end":{"line":56,"column":8}},"30":{"start":{"line":47,"column":8},"end":{"line":49,"column":9}},"31":{"start":{"line":48,"column":10},"end":{"line":48,"column":33}},"32":{"start":{"line":51,"column":8},"end":{"line":53,"column":9}},"33":{"start":{"line":52,"column":10},"end":{"line":52,"column":33}},"34":{"start":{"line":55,"column":8},"end":{"line":55,"column":33}},"35":{"start":{"line":58,"column":6},"end":{"line":62,"column":7}},"36":{"start":{"line":59,"column":8},"end":{"line":59,"column":45}},"37":{"start":{"line":61,"column":8},"end":{"line":61,"column":40}},"38":{"start":{"line":65,"column":2},"end":{"line":71,"column":3}},"39":{"start":{"line":66,"column":4},"end":{"line":70,"column":5}},"40":{"start":{"line":67,"column":6},"end":{"line":67,"column":22}},"41":{"start":{"line":69,"column":6},"end":{"line":69,"column":25}},"42":{"start":{"line":73,"column":2},"end":{"line":103,"column":3}},"43":{"start":{"line":74,"column":6},"end":{"line":74,"column":66}},"44":{"start":{"line":75,"column":9},"end":{"line":103,"column":3}},"45":{"start":{"line":76,"column":6},"end":{"line":76,"column":65}},"46":{"start":{"line":78,"column":4},"end":{"line":96,"column":28}},"47":{"start":{"line":80,"column":8},"end":{"line":91,"column":9}},"48":{"start":{"line":81,"column":10},"end":{"line":88,"column":13}},"49":{"start":{"line":82,"column":12},"end":{"line":87,"column":13}},"50":{"start":{"line":83,"column":14},"end":{"line":83,"column":30}},"51":{"start":{"line":85,"column":14},"end":{"line":85,"column":32}},"52":{"start":{"line":86,"column":14},"end":{"line":86,"column":29}},"53":{"start":{"line":90,"column":10},"end":{"line":90,"column":61}},"54":{"start":{"line":94,"column":10},"end":{"line":94,"column":58}},"55":{"start":{"line":98,"column":4},"end":{"line":100,"column":5}},"56":{"start":{"line":99,"column":6},"end":{"line":99,"column":25}},"57":{"start":{"line":102,"column":4},"end":{"line":102,"column":21}},"58":{"start":{"line":106,"column":0},"end":{"line":108,"column":2}},"59":{"start":{"line":107,"column":2},"end":{"line":107,"column":41}},"60":{"start":{"line":110,"column":0},"end":{"line":112,"column":2}},"61":{"start":{"line":111,"column":2},"end":{"line":111,"column":70}},"62":{"start":{"line":114,"column":0},"end":{"line":114,"column":26}}},"branchMap":{"1":{"line":6,"type":"if","locations":[{"start":{"line":6,"column":2},"end":{"line":6,"column":2}},{"start":{"line":6,"column":2},"end":{"line":6,"column":2}}]},"2":{"line":11,"type":"if","locations":[{"start":{"line":11,"column":2},"end":{"line":11,"column":2}},{"start":{"line":11,"column":2},"end":{"line":11,"column":2}}]},"3":{"line":22,"type":"binary-expr","locations":[{"start":{"line":22,"column":30},"end":{"line":22,"column":57}},{"start":{"line":22,"column":61},"end":{"line":22,"column":76}}]},"4":{"line":30,"type":"binary-expr","locations":[{"start":{"line":30,"column":25},"end":{"line":30,"column":45}},{"start":{"line":30,"column":49},"end":{"line":30,"column":64}}]},"5":{"line":33,"type":"if","locations":[{"start":{"line":33,"column":6},"end":{"line":33,"column":6}},{"start":{"line":33,"column":6},"end":{"line":33,"column":6}}]},"6":{"line":37,"type":"if","locations":[{"start":{"line":37,"column":6},"end":{"line":37,"column":6}},{"start":{"line":37,"column":6},"end":{"line":37,"column":6}}]},"7":{"line":39,"type":"if","locations":[{"start":{"line":39,"column":8},"end":{"line":39,"column":8}},{"start":{"line":39,"column":8},"end":{"line":39,"column":8}}]},"8":{"line":47,"type":"if","locations":[{"start":{"line":47,"column":8},"end":{"line":47,"column":8}},{"start":{"line":47,"column":8},"end":{"line":47,"column":8}}]},"9":{"line":51,"type":"if","locations":[{"start":{"line":51,"column":8},"end":{"line":51,"column":8}},{"start":{"line":51,"column":8},"end":{"line":51,"column":8}}]},"10":{"line":58,"type":"if","locations":[{"start":{"line":58,"column":6},"end":{"line":58,"column":6}},{"start":{"line":58,"column":6},"end":{"line":58,"column":6}}]},"11":{"line":66,"type":"if","locations":[{"start":{"line":66,"column":4},"end":{"line":66,"column":4}},{"start":{"line":66,"column":4},"end":{"line":66,"column":4}}]},"12":{"line":73,"type":"if","locations":[{"start":{"line":73,"column":2},"end":{"line":73,"column":2}},{"start":{"line":73,"column":2},"end":{"line":73,"column":2}}]},"13":{"line":73,"type":"binary-expr","locations":[{"start":{"line":73,"column":6},"end":{"line":73,"column":14}},{"start":{"line":73,"column":18},"end":{"line":73,"column":39}}]},"14":{"line":75,"type":"if","locations":[{"start":{"line":75,"column":9},"end":{"line":75,"column":9}},{"start":{"line":75,"column":9},"end":{"line":75,"column":9}}]},"15":{"line":75,"type":"binary-expr","locations":[{"start":{"line":75,"column":13},"end":{"line":75,"column":21}},{"start":{"line":75,"column":25},"end":{"line":75,"column":45}}]},"16":{"line":80,"type":"if","locations":[{"start":{"line":80,"column":8},"end":{"line":80,"column":8}},{"start":{"line":80,"column":8},"end":{"line":80,"column":8}}]},"17":{"line":82,"type":"if","locations":[{"start":{"line":82,"column":12},"end":{"line":82,"column":12}},{"start":{"line":82,"column":12},"end":{"line":82,"column":12}}]},"18":{"line":98,"type":"if","locations":[{"start":{"line":98,"column":4},"end":{"line":98,"column":4}},{"start":{"line":98,"column":4},"end":{"line":98,"column":4}}]}},"code":["var passport = require('passport-strategy');","var util = require('util');","var saml = require('./saml');","","function Strategy (options, verify) {","  if (typeof options == 'function') {","    verify = options;","    options = {};","  }","","  if (!verify) {","    throw new Error('SAML authentication strategy requires a verify function');","  }","","  this.name = 'saml';","","  passport.Strategy.call(this);","","  this._verify = verify;","  this._saml = new saml.SAML(options);","  this._passReqToCallback = !!options.passReqToCallback;","  this._authnRequestBinding = options.authnRequestBinding || 'HTTP-Redirect';","}","","util.inherits(Strategy, passport.Strategy);","","Strategy.prototype.authenticate = function (req, options) {","  var self = this;","","  options.samlFallback = options.samlFallback || 'login-request';","","  function validateCallback(err, profile, loggedOut) {","      if (err) {","        return self.error(err);","      }","","      if (loggedOut) {","        req.logout();","        if (profile) {","          req.samlLogoutRequest = profile;","          return self._saml.getLogoutResponseUrl(req, redirectIfSuccess);","        }","        return self.pass();","      }","","      var verified = function (err, user, info) {","        if (err) {","          return self.error(err);","        }","","        if (!user) {","          return self.fail(info);","        }","","        self.success(user, info);","      };","","      if (self._passReqToCallback) {","        self._verify(req, profile, verified);","      } else {","        self._verify(profile, verified);","      }","  }","","  function redirectIfSuccess(err, url) {","    if (err) {","      self.error(err);","    } else {","      self.redirect(url);","    }","  }","","  if (req.body && req.body.SAMLResponse) {","      this._saml.validatePostResponse(req.body, validateCallback);","  } else if (req.body && req.body.SAMLRequest) {","      this._saml.validatePostRequest(req.body, validateCallback);","  } else {","    var requestHandler = {","      'login-request': function() {","        if (self._authnRequestBinding === 'HTTP-POST') {","          this._saml.getAuthorizeForm(req, function(err, data) {","            if (err) {","              self.error(err);","            } else {","              var res = req.res;","              res.send(data);","            }","          });","        } else { // Defaults to HTTP-Redirect","          this._saml.getAuthorizeUrl(req, redirectIfSuccess);","        }","      }.bind(self),","      'logout-request': function() {","          this._saml.getLogoutUrl(req, redirectIfSuccess);","      }.bind(self)","    }[options.samlFallback];","","    if (typeof requestHandler !== 'function') {","      return self.fail();","    }","","    requestHandler();","  }","};","","Strategy.prototype.logout = function(req, callback) {","  this._saml.getLogoutUrl(req, callback);","};","","Strategy.prototype.generateServiceProviderMetadata = function( decryptionCert ) {","  return this._saml.generateServiceProviderMetadata( decryptionCert );","};","","module.exports = Strategy;",""],"l":{"1":1,"2":1,"3":1,"5":1,"6":0,"7":0,"8":0,"11":0,"12":0,"15":0,"17":0,"19":0,"20":0,"21":0,"22":0,"25":1,"27":1,"28":0,"30":0,"32":1,"33":0,"34":0,"37":0,"38":0,"39":0,"40":0,"41":0,"43":0,"46":0,"47":0,"48":0,"51":0,"52":0,"55":0,"58":0,"59":0,"61":0,"65":1,"66":0,"67":0,"69":0,"73":0,"74":0,"75":0,"76":0,"78":0,"80":0,"81":0,"82":0,"83":0,"85":0,"86":0,"90":0,"94":0,"98":0,"99":0,"102":0,"106":1,"107":0,"110":1,"111":0,"114":1}},"/home/travis/build/npmtest/node-npmtest-passport-saml/node_modules/passport-saml/lib/passport-saml/saml.js":{"path":"/home/travis/build/npmtest/node-npmtest-passport-saml/node_modules/passport-saml/lib/passport-saml/saml.js","s":{"1":1,"2":1,"3":1,"4":1,"5":1,"6":1,"7":1,"8":1,"9":1,"10":1,"11":1,"12":1,"13":1,"14":0,"15":0,"16":0,"17":1,"18":0,"19":0,"20":0,"21":0,"22":0,"23":0,"24":0,"25":0,"26":0,"27":0,"28":0,"29":0,"30":0,"31":0,"32":0,"33":0,"34":0,"35":0,"36":0,"37":0,"38":0,"39":0,"40":0,"41":0,"42":0,"43":1,"44":0,"45":1,"46":0,"47":0,"48":0,"49":0,"50":0,"51":0,"52":0,"53":1,"54":0,"55":0,"56":0,"57":0,"58":0,"59":1,"60":0,"61":1,"62":0,"63":0,"64":0,"65":0,"66":0,"67":0,"68":0,"69":0,"70":0,"71":0,"72":0,"73":0,"74":0,"75":0,"76":0,"77":0,"78":0,"79":0,"80":0,"81":1,"82":0,"83":0,"84":0,"85":0,"86":0,"87":0,"88":0,"89":0,"90":0,"91":0,"92":0,"93":0,"94":0,"95":0,"96":0,"97":0,"98":0,"99":0,"100":0,"101":0,"102":0,"103":1,"104":0,"105":0,"106":0,"107":0,"108":0,"109":0,"110":0,"111":0,"112":0,"113":0,"114":1,"115":0,"116":0,"117":0,"118":0,"119":1,"120":0,"121":0,"122":0,"123":0,"124":1,"125":0,"126":0,"127":0,"128":0,"129":0,"130":0,"131":0,"132":0,"133":0,"134":0,"135":0,"136":0,"137":0,"138":0,"139":0,"140":0,"141":0,"142":0,"143":1,"144":0,"145":0,"146":0,"147":0,"148":0,"149":0,"150":0,"151":0,"152":0,"153":0,"154":0,"155":0,"156":0,"157":0,"158":0,"159":1,"160":0,"161":0,"162":0,"163":0,"164":0,"165":0,"166":1,"167":0,"168":0,"169":0,"170":0,"171":0,"172":0,"173":0,"174":0,"175":0,"176":0,"177":0,"178":0,"179":0,"180":0,"181":0,"182":0,"183":0,"184":0,"185":0,"186":0,"187":0,"188":1,"189":0,"190":0,"191":0,"192":1,"193":0,"194":0,"195":0,"196":1,"197":0,"198":0,"199":0,"200":0,"201":0,"202":0,"203":1,"204":0,"205":0,"206":0,"207":0,"208":0,"209":0,"210":0,"211":0,"212":0,"213":0,"214":0,"215":0,"216":0,"217":0,"218":0,"219":0,"220":0,"221":0,"222":0,"223":0,"224":0,"225":0,"226":1,"227":0,"228":0,"229":0,"230":0,"231":0,"232":0,"233":0,"234":0,"235":0,"236":0,"237":0,"238":0,"239":0,"240":0,"241":0,"242":0,"243":0,"244":0,"245":0,"246":0,"247":0,"248":0,"249":0,"250":0,"251":0,"252":0,"253":0,"254":0,"255":0,"256":0,"257":0,"258":0,"259":0,"260":0,"261":0,"262":0,"263":0,"264":0,"265":0,"266":0,"267":0,"268":0,"269":0,"270":0,"271":0,"272":0,"273":0,"274":0,"275":0,"276":0,"277":0,"278":0,"279":0,"280":0,"281":0,"282":0,"283":0,"284":0,"285":0,"286":0,"287":0,"288":0,"289":0,"290":0,"291":0,"292":0,"293":0,"294":0,"295":0,"296":0,"297":0,"298":0,"299":0,"300":0,"301":0,"302":0,"303":0,"304":1,"305":0,"306":0,"307":0,"308":0,"309":0,"310":0,"311":0,"312":0,"313":0,"314":0,"315":0,"316":0,"317":0,"318":0,"319":0,"320":0,"321":0,"322":0,"323":0,"324":0,"325":0,"326":0,"327":0,"328":0,"329":0,"330":0,"331":0,"332":0,"333":0,"334":0,"335":0,"336":0,"337":0,"338":0,"339":0,"340":0,"341":0,"342":0,"343":0,"344":0,"345":0,"346":0,"347":0,"348":0,"349":0,"350":0,"351":0,"352":0,"353":0,"354":0,"355":0,"356":0,"357":0,"358":0,"359":0,"360":0,"361":0,"362":0,"363":0,"364":0,"365":0,"366":0,"367":0,"368":0,"369":0,"370":0,"371":0,"372":0,"373":0,"374":0,"375":0,"376":0,"377":0,"378":0,"379":0,"380":0,"381":0,"382":0,"383":0,"384":0,"385":0,"386":0,"387":0,"388":0,"389":0,"390":0,"391":0,"392":0,"393":0,"394":1,"395":0,"396":0,"397":0,"398":0,"399":0,"400":0,"401":0,"402":0,"403":0,"404":0,"405":0,"406":0,"407":1,"408":0,"409":0,"410":0,"411":0,"412":0,"413":0,"414":0,"415":0,"416":0,"417":0,"418":0,"419":1,"420":0,"421":0,"422":0,"423":0,"424":0,"425":0,"426":0,"427":0,"428":0,"429":0,"430":0,"431":0,"432":0,"433":0,"434":0,"435":0,"436":0,"437":0,"438":0,"439":0,"440":0,"441":1,"442":0,"443":0,"444":0,"445":0,"446":0,"447":0,"448":0,"449":0,"450":0,"451":0,"452":0,"453":0,"454":0,"455":1},"b":{"1":[0,0],"2":[0,0],"3":[0,0],"4":[0,0],"5":[0,0],"6":[0,0],"7":[0,0],"8":[0,0],"9":[0,0],"10":[0,0],"11":[0,0],"12":[0,0],"13":[0,0],"14":[0,0],"15":[0,0],"16":[0,0],"17":[0,0],"18":[0,0],"19":[0,0],"20":[0,0],"21":[0,0],"22":[0,0],"23":[0,0],"24":[0,0],"25":[0,0],"26":[0,0],"27":[0,0],"28":[0,0],"29":[0,0],"30":[0,0],"31":[0,0],"32":[0,0],"33":[0,0],"34":[0,0],"35":[0,0],"36":[0,0],"37":[0,0],"38":[0,0],"39":[0,0],"40":[0,0],"41":[0,0],"42":[0,0,0,0],"43":[0,0],"44":[0,0],"45":[0,0],"46":[0,0],"47":[0,0],"48":[0,0],"49":[0,0],"50":[0,0],"51":[0,0],"52":[0,0],"53":[0,0],"54":[0,0],"55":[0,0],"56":[0,0],"57":[0,0],"58":[0,0],"59":[0,0],"60":[0,0],"61":[0,0],"62":[0,0],"63":[0,0],"64":[0,0],"65":[0,0],"66":[0,0],"67":[0,0],"68":[0,0],"69":[0,0],"70":[0,0],"71":[0,0],"72":[0,0],"73":[0,0,0],"74":[0,0],"75":[0,0],"76":[0,0],"77":[0,0],"78":[0,0],"79":[0,0,0],"80":[0,0],"81":[0,0],"82":[0,0],"83":[0,0],"84":[0,0],"85":[0,0],"86":[0,0],"87":[0,0],"88":[0,0],"89":[0,0],"90":[0,0],"91":[0,0],"92":[0,0],"93":[0,0],"94":[0,0],"95":[0,0],"96":[0,0],"97":[0,0],"98":[0,0],"99":[0,0],"100":[0,0],"101":[0,0],"102":[0,0],"103":[0,0],"104":[0,0],"105":[0,0],"106":[0,0],"107":[0,0],"108":[0,0],"109":[0,0],"110":[0,0],"111":[0,0],"112":[0,0],"113":[0,0],"114":[0,0],"115":[0,0],"116":[0,0],"117":[0,0],"118":[0,0],"119":[0,0],"120":[0,0,0],"121":[0,0],"122":[0,0],"123":[0,0],"124":[0,0],"125":[0,0],"126":[0,0],"127":[0,0],"128":[0,0],"129":[0,0],"130":[0,0],"131":[0,0],"132":[0,0],"133":[0,0],"134":[0,0],"135":[0,0],"136":[0,0],"137":[0,0],"138":[0,0],"139":[0,0],"140":[0,0],"141":[0,0],"142":[0,0],"143":[0,0],"144":[0,0],"145":[0,0],"146":[0,0],"147":[0,0],"148":[0,0],"149":[0,0],"150":[0,0],"151":[0,0],"152":[0,0],"153":[0,0],"154":[0,0],"155":[0,0],"156":[0,0],"157":[0,0],"158":[0,0]},"f":{"1":0,"2":0,"3":0,"4":0,"5":0,"6":0,"7":0,"8":0,"9":0,"10":0,"11":0,"12":0,"13":0,"14":0,"15":0,"16":0,"17":0,"18":0,"19":0,"20":0,"21":0,"22":0,"23":0,"24":0,"25":0,"26":0,"27":0,"28":0,"29":0,"30":0,"31":0,"32":0,"33":0,"34":0,"35":0,"36":0,"37":0,"38":0,"39":0,"40":0,"41":0,"42":0,"43":0,"44":0,"45":0,"46":0,"47":0,"48":0,"49":0,"50":0,"51":0,"52":0,"53":0,"54":0,"55":0,"56":0,"57":0,"58":0},"fnMap":{"1":{"name":"(anonymous_1)","line":14,"loc":{"start":{"line":14,"column":11},"end":{"line":14,"column":30}}},"2":{"name":"(anonymous_2)","line":21,"loc":{"start":{"line":21,"column":28},"end":{"line":21,"column":47}}},"3":{"name":"(anonymous_3)","line":77,"loc":{"start":{"line":77,"column":29},"end":{"line":77,"column":44}}},"4":{"name":"(anonymous_4)","line":81,"loc":{"start":{"line":81,"column":32},"end":{"line":81,"column":47}}},"5":{"name":"(anonymous_5)","line":96,"loc":{"start":{"line":96,"column":34},"end":{"line":96,"column":46}}},"6":{"name":"(anonymous_6)","line":105,"loc":{"start":{"line":105,"column":33},"end":{"line":105,"column":45}}},"7":{"name":"(anonymous_7)","line":109,"loc":{"start":{"line":109,"column":29},"end":{"line":109,"column":52}}},"8":{"name":"(anonymous_8)","line":138,"loc":{"start":{"line":138,"column":42},"end":{"line":138,"column":78}}},"9":{"name":"(anonymous_9)","line":144,"loc":{"start":{"line":144,"column":10},"end":{"line":144,"column":21}}},"10":{"name":"(anonymous_10)","line":151,"loc":{"start":{"line":151,"column":8},"end":{"line":151,"column":18}}},"11":{"name":"(anonymous_11)","line":200,"loc":{"start":{"line":200,"column":8},"end":{"line":200,"column":21}}},"12":{"name":"(anonymous_12)","line":206,"loc":{"start":{"line":206,"column":39},"end":{"line":206,"column":54}}},"13":{"name":"(anonymous_13)","line":247,"loc":{"start":{"line":247,"column":40},"end":{"line":247,"column":70}}},"14":{"name":"(anonymous_14)","line":274,"loc":{"start":{"line":274,"column":30},"end":{"line":274,"column":102}}},"15":{"name":"requestToUrlHelper","line":281,"loc":{"start":{"line":281,"column":2},"end":{"line":281,"column":43}}},"16":{"name":"(anonymous_16)","line":302,"loc":{"start":{"line":302,"column":46},"end":{"line":302,"column":58}}},"17":{"name":"(anonymous_17)","line":310,"loc":{"start":{"line":310,"column":37},"end":{"line":310,"column":49}}},"18":{"name":"(anonymous_18)","line":322,"loc":{"start":{"line":322,"column":37},"end":{"line":322,"column":63}}},"19":{"name":"(anonymous_19)","line":331,"loc":{"start":{"line":331,"column":47},"end":{"line":331,"column":59}}},"20":{"name":"(anonymous_20)","line":343,"loc":{"start":{"line":343,"column":63},"end":{"line":343,"column":75}}},"21":{"name":"(anonymous_21)","line":350,"loc":{"start":{"line":350,"column":33},"end":{"line":350,"column":58}}},"22":{"name":"(anonymous_22)","line":352,"loc":{"start":{"line":352,"column":59},"end":{"line":352,"column":81}}},"23":{"name":"(anonymous_23)","line":360,"loc":{"start":{"line":360,"column":34},"end":{"line":360,"column":59}}},"24":{"name":"(anonymous_24)","line":366,"loc":{"start":{"line":366,"column":18},"end":{"line":366,"column":42}}},"25":{"name":"(anonymous_25)","line":380,"loc":{"start":{"line":380,"column":31},"end":{"line":380,"column":53}}},"26":{"name":"(anonymous_26)","line":391,"loc":{"start":{"line":391,"column":46},"end":{"line":391,"column":58}}},"27":{"name":"(anonymous_27)","line":395,"loc":{"start":{"line":395,"column":50},"end":{"line":395,"column":62}}},"28":{"name":"(anonymous_28)","line":420,"loc":{"start":{"line":420,"column":59},"end":{"line":420,"column":82}}},"29":{"name":"(anonymous_29)","line":434,"loc":{"start":{"line":434,"column":30},"end":{"line":434,"column":54}}},"30":{"name":"(anonymous_30)","line":440,"loc":{"start":{"line":440,"column":38},"end":{"line":440,"column":62}}},"31":{"name":"(anonymous_31)","line":446,"loc":{"start":{"line":446,"column":27},"end":{"line":446,"column":43}}},"32":{"name":"(anonymous_32)","line":462,"loc":{"start":{"line":462,"column":35},"end":{"line":462,"column":73}}},"33":{"name":"(anonymous_33)","line":474,"loc":{"start":{"line":474,"column":16},"end":{"line":474,"column":31}}},"34":{"name":"(anonymous_34)","line":477,"loc":{"start":{"line":477,"column":12},"end":{"line":477,"column":31}}},"35":{"name":"(anonymous_35)","line":501,"loc":{"start":{"line":501,"column":38},"end":{"line":501,"column":69}}},"36":{"name":"(anonymous_36)","line":511,"loc":{"start":{"line":511,"column":10},"end":{"line":511,"column":20}}},"37":{"name":"(anonymous_37)","line":515,"loc":{"start":{"line":515,"column":16},"end":{"line":515,"column":33}}},"38":{"name":"(anonymous_38)","line":525,"loc":{"start":{"line":525,"column":8},"end":{"line":525,"column":19}}},"39":{"name":"(anonymous_39)","line":562,"loc":{"start":{"line":562,"column":14},"end":{"line":562,"column":37}}},"40":{"name":"(anonymous_40)","line":587,"loc":{"start":{"line":587,"column":12},"end":{"line":587,"column":26}}},"41":{"name":"(anonymous_41)","line":642,"loc":{"start":{"line":642,"column":8},"end":{"line":642,"column":22}}},"42":{"name":"(anonymous_42)","line":648,"loc":{"start":{"line":648,"column":47},"end":{"line":648,"column":85}}},"43":{"name":"(anonymous_43)","line":660,"loc":{"start":{"line":660,"column":8},"end":{"line":660,"column":22}}},"44":{"name":"(anonymous_44)","line":720,"loc":{"start":{"line":720,"column":20},"end":{"line":720,"column":30}}},"45":{"name":"(anonymous_45)","line":726,"loc":{"start":{"line":726,"column":20},"end":{"line":726,"column":36}}},"46":{"name":"(anonymous_46)","line":734,"loc":{"start":{"line":734,"column":20},"end":{"line":734,"column":30}}},"47":{"name":"(anonymous_47)","line":749,"loc":{"start":{"line":749,"column":8},"end":{"line":749,"column":18}}},"48":{"name":"(anonymous_48)","line":764,"loc":{"start":{"line":764,"column":69},"end":{"line":764,"column":85}}},"49":{"name":"(anonymous_49)","line":766,"loc":{"start":{"line":766,"column":13},"end":{"line":766,"column":29}}},"50":{"name":"(anonymous_50)","line":770,"loc":{"start":{"line":770,"column":28},"end":{"line":770,"column":44}}},"51":{"name":"(anonymous_51)","line":775,"loc":{"start":{"line":775,"column":27},"end":{"line":775,"column":48}}},"52":{"name":"(anonymous_52)","line":799,"loc":{"start":{"line":799,"column":30},"end":{"line":799,"column":41}}},"53":{"name":"(anonymous_53)","line":803,"loc":{"start":{"line":803,"column":8},"end":{"line":803,"column":22}}},"54":{"name":"(anonymous_54)","line":809,"loc":{"start":{"line":809,"column":46},"end":{"line":809,"column":87}}},"55":{"name":"(anonymous_55)","line":828,"loc":{"start":{"line":828,"column":37},"end":{"line":828,"column":68}}},"56":{"name":"(anonymous_56)","line":837,"loc":{"start":{"line":837,"column":26},"end":{"line":837,"column":46}}},"57":{"name":"processValidlySignedPostRequest","line":851,"loc":{"start":{"line":851,"column":0},"end":{"line":851,"column":62}}},"58":{"name":"(anonymous_58)","line":888,"loc":{"start":{"line":888,"column":49},"end":{"line":888,"column":76}}}},"statementMap":{"1":{"start":{"line":1,"column":0},"end":{"line":1,"column":27}},"2":{"start":{"line":2,"column":0},"end":{"line":2,"column":31}},"3":{"start":{"line":3,"column":0},"end":{"line":3,"column":38}},"4":{"start":{"line":4,"column":0},"end":{"line":4,"column":31}},"5":{"start":{"line":5,"column":0},"end":{"line":5,"column":31}},"6":{"start":{"line":6,"column":0},"end":{"line":6,"column":25}},"7":{"start":{"line":7,"column":0},"end":{"line":7,"column":41}},"8":{"start":{"line":8,"column":0},"end":{"line":8,"column":39}},"9":{"start":{"line":9,"column":0},"end":{"line":9,"column":39}},"10":{"start":{"line":10,"column":0},"end":{"line":10,"column":28}},"11":{"start":{"line":11,"column":0},"end":{"line":11,"column":82}},"12":{"start":{"line":12,"column":0},"end":{"line":12,"column":21}},"13":{"start":{"line":14,"column":0},"end":{"line":19,"column":2}},"14":{"start":{"line":15,"column":2},"end":{"line":15,"column":18}},"15":{"start":{"line":17,"column":2},"end":{"line":17,"column":42}},"16":{"start":{"line":18,"column":2},"end":{"line":18,"column":50}},"17":{"start":{"line":21,"column":0},"end":{"line":75,"column":2}},"18":{"start":{"line":22,"column":2},"end":{"line":24,"column":3}},"19":{"start":{"line":23,"column":4},"end":{"line":23,"column":17}},"20":{"start":{"line":26,"column":2},"end":{"line":28,"column":3}},"21":{"start":{"line":27,"column":4},"end":{"line":27,"column":35}},"22":{"start":{"line":30,"column":2},"end":{"line":32,"column":3}},"23":{"start":{"line":31,"column":4},"end":{"line":31,"column":31}},"24":{"start":{"line":34,"column":2},"end":{"line":36,"column":3}},"25":{"start":{"line":35,"column":4},"end":{"line":35,"column":37}},"26":{"start":{"line":38,"column":2},"end":{"line":40,"column":3}},"27":{"start":{"line":39,"column":4},"end":{"line":39,"column":88}},"28":{"start":{"line":42,"column":2},"end":{"line":44,"column":3}},"29":{"start":{"line":43,"column":4},"end":{"line":43,"column":95}},"30":{"start":{"line":46,"column":2},"end":{"line":49,"column":3}},"31":{"start":{"line":48,"column":4},"end":{"line":48,"column":36}},"32":{"start":{"line":51,"column":2},"end":{"line":53,"column":3}},"33":{"start":{"line":52,"column":4},"end":{"line":52,"column":41}},"34":{"start":{"line":55,"column":2},"end":{"line":57,"column":3}},"35":{"start":{"line":56,"column":4},"end":{"line":56,"column":51}},"36":{"start":{"line":59,"column":2},"end":{"line":62,"column":3}},"37":{"start":{"line":60,"column":6},"end":{"line":61,"column":73}},"38":{"start":{"line":64,"column":2},"end":{"line":67,"column":3}},"39":{"start":{"line":66,"column":4},"end":{"line":66,"column":49}},"40":{"start":{"line":70,"column":2},"end":{"line":72,"column":3}},"41":{"start":{"line":71,"column":4},"end":{"line":71,"column":40}},"42":{"start":{"line":74,"column":2},"end":{"line":74,"column":17}},"43":{"start":{"line":77,"column":0},"end":{"line":79,"column":2}},"44":{"start":{"line":78,"column":2},"end":{"line":78,"column":73}},"45":{"start":{"line":81,"column":0},"end":{"line":94,"column":2}},"46":{"start":{"line":83,"column":2},"end":{"line":93,"column":3}},"47":{"start":{"line":84,"column":4},"end":{"line":84,"column":36}},"48":{"start":{"line":86,"column":4},"end":{"line":86,"column":13}},"49":{"start":{"line":87,"column":4},"end":{"line":91,"column":5}},"50":{"start":{"line":88,"column":6},"end":{"line":88,"column":30}},"51":{"start":{"line":90,"column":6},"end":{"line":90,"column":31}},"52":{"start":{"line":92,"column":4},"end":{"line":92,"column":60}},"53":{"start":{"line":96,"column":0},"end":{"line":103,"column":2}},"54":{"start":{"line":97,"column":2},"end":{"line":97,"column":33}},"55":{"start":{"line":98,"column":2},"end":{"line":98,"column":20}},"56":{"start":{"line":99,"column":2},"end":{"line":101,"column":3}},"57":{"start":{"line":100,"column":4},"end":{"line":100,"column":64}},"58":{"start":{"li
[...]
the Response","    if (self.options.validateInResponseTo) {","      if (subjectConfirmation) {","        if (confirmData && confirmData.$) {","          var subjectInResponseTo = confirmData.$.InResponseTo;","          if (inResponseTo && subjectInResponseTo && subjectInResponseTo != inResponseTo) {","            return Q.ninvoke(self.cacheProvider, 'remove', inResponseTo)","              .then(function(){","                throw new Error('InResponseTo is not valid');","              });","          } else if (subjectInResponseTo) {","            var foundValidInResponseTo = false;","            return Q.ninvoke(self.cacheProvider, 'get', subjectInResponseTo)","              .then(function(result){","                if (result) {","                  var createdAt = new Date(result);","                  if (nowMs < createdAt.getTime() + self.options.requestIdExpirationPeriodMs)","                    foundValidInResponseTo = true;","                }","                return Q.ninvoke(self.cacheProvider, 'remove', inResponseTo );","              })","              .then(function(){","                if (!foundValidInResponseTo) {","                  throw new Error('InResponseTo is not valid');","                }","                return Q();","              });","          }","        }","      } else {","        return Q.ninvoke(self.cacheProvider, 'remove', inResponseTo);","      }","    } else {","      return Q();","    }","  })","  .then(function(){","    var conditions = assertion.Conditions ? assertion.Conditions[0] : null;","    if (assertion.Conditions && assertion.Conditions.length > 1) {","      msg = 'Unable to process multiple conditions in SAML assertion';","      throw new Error(msg);","    }","    if(conditions && conditions.$) {","      var conErr = self.checkTimestampsValidityError(","                    nowMs, conditions.$.NotBefore, conditions.$.NotOnOrAfter);","      if(conErr)","        throw conErr;","    }","","    var attributeStatement = assertion.AttributeStatement;","    if (attributeStatement) {","      var attributes = [].concat.apply([], attributeStatement.filter(function (attr) {","        return Array.isArray(attr.Attribute);","      }).map(function (attr) {","        return attr.Attribute;","      }));","","      var attrValueMapper = function(value) {","        return typeof value === 'string' ? value : value._;","      };","","      if (attributes) {","        attributes.forEach(function (attribute) {","         if(!attribute.hasOwnProperty('AttributeValue')) {","            // if attributes has no AttributeValue child, continue","            return;","          }","          var value = attribute.AttributeValue;","          if (value.length === 1) {","            profile[attribute.$.Name] = attrValueMapper(value[0]);","          } else {","            profile[attribute.$.Name] = value.map(attrValueMapper);","          }","        });","      }","    }","","    if (!profile.mail && profile['urn:oid:0.9.2342.19200300.100.1.3']) {","      // See http://www.incommonfederation.org/attributesummary.html for definition of attribute OIDs","      profile.mail = profile['urn:oid:0.9.2342.19200300.100.1.3'];","    }","","    if (!profile.email && profile.mail) {","      profile.email = profile.mail;","    }","","    profile.getAssertionXml = function() { return xml; };","","    callback(null, profile, false);","  })","  .fail(function(err) {","    callback(err);","  })","  .done();","};","","SAML.prototype.checkTimestampsValidityError = function(nowMs, notBefore, notOnOrAfter) {","  var self = this;","  if (self.options.acceptedClockSkewMs == -1)","      return null;","","  if (notBefore) {","    var notBeforeMs = Date.parse(notBefore);","    if (nowMs + self.options.acceptedClockSkewMs < notBeforeMs)","        return new Error('SAML assertion not yet valid');","  }","  if (notOnOrAfter) {","    var notOnOrAfterMs = Date.parse(notOnOrAfter);","    if (nowMs - self.options.acceptedClockSkewMs >= notOnOrAfterMs)","      return new Error('SAML assertion expired');","  }","","  return null;","};","","SAML.prototype.validatePostRequest = function (container, callback) {","  var self = this;","  var xml = new Buffer(container.SAMLRequest, 'base64').toString('utf8');","  var dom = new xmldom.DOMParser().parseFromString(xml);","  var parserConfig = {","    explicitRoot: true,","    tagNameProcessors: [xml2js.processors.stripPrefix]","  };","  var parser = new xml2js.Parser(parserConfig);","  parser.parseString(xml, function (err, doc) {","    if (err) {","      return callback(err);","    }","","    // Check if this document has a valid top-level signature","    if (self.options.cert && !self.validateSignature(xml, dom.documentElement, self.options.cert)) {","      return callback(new Error('Invalid signature'));","    }","","    processValidlySignedPostRequest(self, doc, callback);","  });","};","","function processValidlySignedPostRequest(self, doc, callback) {","    var request = doc.LogoutRequest;","    if (request) {","      var profile = {};","      if (request.$.ID) {","          profile.ID = request.$.ID;","      } else {","        return callback(new Error('Missing SAML LogoutRequest ID'));","      }","      var issuer = request.Issuer;","      if (issuer) {","        profile.issuer = issuer[0];","      } else {","        return callback(new Error('Missing SAML issuer'));","      }","","      var nameID = request.NameID;","      if (nameID) {","        profile.nameID = nameID[0]._ || nameID[0];","","        if (nameID[0].$ && nameID[0].$.Format) {","          profile.nameIDFormat = nameID[0].$.Format;","        }","      } else {","        return callback(new Error('Missing SAML NameID'));","      }","      var sessionIndex = request.SessionIndex;","      if (sessionIndex) {","        profile.sessionIndex = sessionIndex[0];","      }","","      callback(null, profile, true);","    } else {","      return callback(new Error('Unknown SAML request message'));","    }","}","","SAML.prototype.generateServiceProviderMetadata = function( decryptionCert ) {","  var metadata = {","    'EntityDescriptor' : {","      '@xmlns': 'urn:oasis:names:tc:SAML:2.0:metadata',","      '@xmlns:ds': 'http://www.w3.org/2000/09/xmldsig#',","      '@entityID': this.options.issuer,","      '@ID': this.options.issuer.replace(/\\W/g, '_'),","      'SPSSODescriptor' : {","        '@protocolSupportEnumeration': 'urn:oasis:names:tc:SAML:2.0:protocol',","      },","    }","  };","","  if (this.options.decryptionPvk) {","    if (!decryptionCert) {","      throw new Error(","        \"Missing decryptionCert while generating metadata for decrypting service provider\");","    }","","    decryptionCert = decryptionCert.replace( /-+BEGIN CERTIFICATE-+\\r?\\n?/, '' );","    decryptionCert = decryptionCert.replace( /-+END CERTIFICATE-+\\r?\\n?/, '' );","    decryptionCert = decryptionCert.replace( /\\r\\n/g, '\\n' );","","    metadata.EntityDescriptor.SPSSODescriptor.KeyDescriptor = {","      'ds:KeyInfo' : {","        'ds:X509Data' : {","          'ds:X509Certificate': {","            '#text': decryptionCert","          }","        }","      },","      '#list' : [","        // this should be the set that the xmlenc library supports","        { 'EncryptionMethod': { '@Algorithm': 'http://www.w3.org/2001/04/xmlenc#aes256-cbc' } },","        { 'EncryptionMethod': { '@Algorithm': 'http://www.w3.org/2001/04/xmlenc#aes128-cbc' } },","        { 'EncryptionMethod': { '@Algorithm': 'http://www.w3.org/2001/04/xmlenc#tripledes-cbc' } },","      ]","    };","  }","","  if (this.options.logoutCallbackUrl) {","    metadata.EntityDescriptor.SPSSODescriptor.SingleLogoutService = {","      '@Binding': 'urn:oasis:names:tc:SAML:2.0:bindings:HTTP-POST',","      '@Location': this.options.logoutCallbackUrl","    };","  }","","  metadata.EntityDescriptor.SPSSODescriptor.NameIDFormat = this.options.identifierFormat;","  metadata.EntityDescriptor.SPSSODescriptor.AssertionConsumerService = {","    '@index': '1',","    '@isDefault': 'true',","    '@Binding': 'urn:oasis:names:tc:SAML:2.0:bindings:HTTP-POST',","    '@Location': this.getCallbackUrl({})","  };","","  return xmlbuilder.create(metadata).end({ pretty: true, indent: '  ', newline: '\\n' });","};","","exports.SAML = SAML;",""],"l":{"1":1,"2":1,"3":1,"4":1,"5":1,"6":1,"7":1,"8":1,"9":1,"10":1,"11":1,"12":1,"14":1,"15":0,"17":0,"18":0,"21":1,"22":0,"23":0,"26":0,"27":0,"30":0,"31":0,"34":0,"35":0,"38":0,"39":0,"42":0,"43":0,"46":0,"48":0,"51":0,"52":0,"55":0,"56":0,"59":0,"60":0,"64":0,"66":0,"70":0,"71":0,"74":0,"77":1,"78":0,"81":1,"83":0,"84":0,"86":0,"87":0,"88":0,"90":0,"92":0,"96":1,"97":0,"98":0,"99":0,"100":0,"102":0,"105":1,"106":0,"109":1,"110":0,"111":0,"112":0,"114":0,"115":0,"116":0,"118":0,"119":0,"120":0,"122":0,"123":0,"125":0,"126":0,"128":0,"129":0,"131":0,"132":0,"134":0,"135":0,"138":1,"139":0,"140":0,"141":0,"142":0,"144":0,"145":0,"146":0,"148":0,"152":0,"168":0,"169":0,"171":0,"172":0,"175":0,"176":0,"183":0,"184":0,"194":0,"195":0,"198":0,"201":0,"206":1,"207":0,"208":0,"210":0,"229":0,"230":0,"233":0,"234":0,"237":0,"238":0,"244":0,"247":1,"248":0,"249":0,"251":0,"271":0,"274":1,"275":0,"276":0,"277":0,"279":0,"281":1,"282":0,"283":0,"286":0,"287":0,"289":0,"290":0,"291":0,"293":0,"294":0,"297":0,"302":0,"303":0,"306":0,"308":0,"310":0,"311":0,"316":0,"318":0,"322":1,"323":0,"325":0,"326":0,"327":0,"330":0,"331":0,"332":0,"335":0,"336":0,"337":0,"339":0,"340":0,"343":0,"344":0,"347":0,"350":1,"351":0,"352":0,"353":0,"354":0,"355":0,"356":0,"360":1,"361":0,"366":0,"367":0,"368":0,"380":0,"381":0,"382":0,"385":0,"386":0,"387":0,"391":0,"392":0,"395":0,"396":0,"399":0,"420":0,"421":0,"422":0,"425":0,"426":0,"428":0,"434":1,"435":0,"436":0,"437":0,"440":1,"441":0,"442":0,"443":0,"446":1,"447":0,"449":0,"450":0,"451":0,"452":0,"454":0,"462":1,"463":0,"464":0,"466":0,"469":0,"470":0,"471":0,"472":0,"473":0,"475":0,"478":0,"481":0,"484":0,"485":0,"486":0,"487":0,"489":0,"490":0,"491":0,"494":0,"496":0,"497":0,"498":0,"501":1,"502":0,"503":0,"504":0,"506":0,"507":0,"508":0,"511":0,"512":0,"513":0,"514":0,"516":0,"517":0,"518":0,"522":0,"527":0,"528":0,"529":0,"532":0,"533":0,"536":0,"539":0,"542":0,"543":0,"546":0,"548":0,"551":0,"552":0,"553":0,"555":0,"556":0,"557":0,"558":0,"560":0,"561":0,"563":0,"564":0,"565":0,"566":0,"568":0,"571":0,"573":0,"580":0,"585":0,"586":0,"588":0,"589":0,"590":0,"591":0,"592":0,"593":0,"594":0,"595":0,"596":0,"597":0,"598":0,"599":0,"601":0,"608":0,"609":0,"610":0,"611":0,"612":0,"613":0,"614":0,"615":0,"617":0,"618":0,"622":0,"623":0,"627":0,"630":0,"631":0,"633":0,"634":0,"635":0,"637":0,"643":0,"648":1,"649":0,"650":0,"651":0,"655":0,"656":0,"657":0,"658":0,"659":0,"661":0,"663":0,"664":0,"665":0,"668":0,"669":0,"670":0,"671":0,"675":0,"676":0,"677":0,"678":0,"679":0,"680":0,"682":0,"683":0,"684":0,"685":0,"689":0,"691":0,"693":0,"694":0,"695":0,"698":0,"699":0,"700":0,"701":0,"703":0,"705":0,"706":0,"714":0,"715":0,"716":0,"717":0,"718":0,"719":0,"721":0,"723":0,"724":0,"725":0,"727":0,"728":0,"729":0,"730":0,"732":0,"735":0,"736":0,"738":0,"743":0,"746":0,"750":0,"751":0,"752":0,"753":0,"755":0,"756":0,"758":0,"759":0,"762":0,"763":0,"764":0,"765":0,"767":0,"770":0,"771":0,"774":0,"775":0,"776":0,"778":0,"780":0,"781":0,"782":0,"784":0,"790":0,"792":0,"795":0,"796":0,"799":0,"801":0,"804":0,"809":1,"810":0,"811":0,"812":0,"814":0,"815":0,"816":0,"817":0,"819":0,"820":0,"821":0,"822":0,"825":0,"828":1,"829":0,"830":0,"831":0,"832":0,"836":0,"837":0,"838":0,"839":0,"843":0,"844":0,"847":0,"851":1,"852":0,"853":0,"854":0,"855":0,"856":0,"858":0,"860":0,"861":0,"862":0,"864":0,"867":0,"868":0,"869":0,"871":0,"872":0,"875":0,"877":0,"878":0,"879":0,"882":0,"884":0,"888":1,"889":0,"901":0,"902":0,"903":0,"907":0,"908":0,"909":0,"911":0,"928":0,"929":0,"935":0,"936":0,"943":0,"946":1}},"/home/travis/build/npmtest/node-npmtest-passport-saml/node_modules/passport-saml/lib/passport-saml/inmemory-cache-provider.js":{"path":"/home/travis/build/npmtest/node-npmtest-passport-saml/node_modules/passport-saml/lib/passport-saml/inmemory-cache-provider.js","s":{"1":1,"2":0,"3":0,"4":0,"5":0,"6":0,"7":0,"8":0,"9":0,"10":0,"11":0,"12":0,"13":0,"14":0,"15":0,"16":0,"17":1,"18":0,"19":0,"20":0,"21":0,"22":1,"23":0,"24":0,"25":0,"26":1,"27":0,"28":0,"29":0,"30":0,"31":1},"b":{"1":[0,0],"2":[0,0],"3":[0,0],"4":[0,0],"5":[0,0],"6":[0,0],"7":[0,0],"8":[0,0]},"f":{"1":0,"2":0,"3":0,"4":0,"5":0,"6":0,"7":0},"fnMap":{"1":{"name":"(anonymous_1)","line":15,"loc":{"start":{"line":15,"column":20},"end":{"line":15,"column":39}}},"2":{"name":"(anonymous_2)","line":30,"loc":{"start":{"line":30,"column":38},"end":{"line":30,"column":48}}},"3":{"name":"(anonymous_3)","line":33,"loc":{"start":{"line":33,"column":21},"end":{"line":33,"column":34}}},"4":{"name":"(anonymous_4)","line":35,"loc":{"start":{"line":35,"column":33},"end":{"line":35,"column":43}}},"5":{"name":"(anonymous_5)","line":54,"loc":{"start":{"line":54,"column":31},"end":{"line":54,"column":61}}},"6":{"name":"(anonymous_6)","line":77,"loc":{"start":{"line":77,"column":30},"end":{"line":77,"column":53}}},"7":{"name":"(anonymous_7)","line":93,"loc":{"start":{"line":93,"column":33},"end":{"line":93,"column":56}}}},"statementMap":{"1":{"start":{"line":15,"column":0},"end":{"line":45,"column":2}},"2":{"start":{"line":16,"column":4},"end":{"line":16,"column":20}},"3":{"start":{"line":17,"column":4},"end":{"line":17,"column":24}},"4":{"start":{"line":19,"column":4},"end":{"line":21,"column":5}},"5":{"start":{"line":20,"column":8},"end":{"line":20,"column":21}},"6":{"start":{"line":23,"column":4},"end":{"line":25,"column":5}},"7":{"start":{"line":24,"column":8},"end":{"line":24,"column":49}},"8":{"start":{"line":27,"column":4},"end":{"line":27,"column":27}},"9":{"start":{"line":30,"column":4},"end":{"line":38,"column":43}},"10":{"start":{"line":31,"column":8},"end":{"line":31,"column":41}},"11":{"start":{"line":32,"column":8},"end":{"line":32,"column":47}},"12":{"start":{"line":33,"column":8},"end":{"line":37,"column":11}},"13":{"start":{"line":34,"column":12},"end":{"line":36,"column":13}},"14":{"start":{"line":35,"column":16},"end":{"line":35,"column":47}},"15":{"start":{"line":43,"column":4},"end":{"line":44,"column":32}},"16":{"start":{"line":44,"column":8},"end":{"line":44,"column":32}},"17":{"start":{"line":54,"column":0},"end":{"line":69,"column":2}},"18":{"start":{"line":55,"column":4},"end":{"line":67,"column":5}},"19":{"start":{"line":57,"column":8},"end":{"line":60,"column":10}},"20":{"start":{"line":62,"column":8},"end":{"line":62,"column":44}},"21":{"start":{"line":66,"column":8},"end":{"line":66,"column":29}},"22":{"start":{"line":77,"column":0},"end":{"line":86,"column":2}},"23":{"start":{"line":78,"column":4},"end":{"line":84,"column":5}},"24":{"start":{"line":79,"column":8},"end":{"line":79,"column":50}},"25":{"start":{"line":83,"column":8},"end":{"line":83,"column":29}},"26":{"start":{"line":93,"column":0},"end":{"line":104,"column":2}},"27":{"start":{"line":94,"column":4},"end":{"line":102,"column":5}},"28":{"start":{"line":96,"column":8},"end":{"line":96,"column":35}},"29":{"start":{"line":97,"column":8},"end":{"line":97,"column":28}},"30":{"start":{"line":101,"column":8},"end":{"line":101,"column":29}},"31":{"start":{"line":106,"column":0},"end":{"line":106,"column":38}}},"branchMap":{"1":{"line":19,"type":"if","locations":[{"start":{"line":19,"column":4},"end":{"line":19,"column":4}},{"start":{"line":19,"column":4},"end":{"line":19,"column":4}}]},"2":{"line":23,"type":"if","locations":[{"start":{"line":23,"column":4},"end":{"line":23,"column":4}},{"start":{"line":23,"column":4},"end":{"line":23,"column":4}}]},"3":{"line":34,"type":"if","locations":[{"start":{"line":34,"column":12},"end":{"line":34,"column":12}},{"start":{"line":34,"column":12},"end":{"line":34,"column":12}}]},"4":{"line":43,"type":"if","locations":[{"start":{"line":43,"column":4},"end":{"line":43,"column":4}},{"start":{"line":43,"column":4},"end":{"line":43,"column":4}}]},"5":{"line":43,"type":"binary-expr","locations":[{"start":{"line":43,"column":8},"end":{"line":43,"column":29}},{"start":{"line":43,"column":33},"end":{"line":43,"column":63}}]},"6":{"line":55,"type":"if","locations":[{"start":{"line":55,"column":4},"end":{"line":55,"column":4}},{"start":{"line":55,"column":4},"end":{"line":55,"column":4}}]},"7":{"line":78,"type":"if","locations":[{"start":{"line":78,"column":4},"end":{"line":78,"column":4}},{"start":{"line":78,"column":4},"end":{"line":78,"column":4}}]},"8":{"line":94,"type":"if","locations":[{"start":{"line":94,"column":4},"end":{"line":94,"column":4}},{"start":{"line":94,"column":4},"end":{"line":94,"column":4}}]}},"code":["/**"," * Simple in memory cache provider.  To be used to store state of requests that needs"," * to be validated/checked when a response is received."," *"," * This is the default implementation of a cache provider used by Passport-SAML.  For"," * multiple server instances/load balanced scenarios (I.e. the SAML request could have"," * been generated from a different server/process handling the SAML response) this"," * implementation will NOT be sufficient."," *"," * The caller should provide their own implementation for a cache provider as defined"," * in the config options for Passport-SAML."," * @param options"," * @constructor"," */","var CacheProvider = function (options) {","    var self = this;","    this.cacheKeys = {};","","    if (!options) {","        options = {};","    }","","    if(!options.keyExpirationPeriodMs){","        options.keyExpirationPeriodMs = 28800000;  // 8 hours","    }","","    this.options = options;","","    // Expire old cache keys","    var expirationTimer = setInterval(function(){","        var nowMs = new Date().getTime();","        var keys = Object.keys(self.cacheKeys);","        keys.forEach(function(key){","            if(nowMs >= new Date(self.cacheKeys[key].createdAt).getTime() + self.options.keyExpirationPeriodMs){","                self.remove(key, function(){});","            }","        });","    }, this.options.keyExpirationPeriodMs);","","    // we only want this to run if the process is still open; it shouldn't hold the process open (issue #68)","    //   (unref only introduced in node 0.9, so check whether we have it)","    // Skip this in 0.10.34 due to https://github.com/joyent/node/issues/8900","    if (expirationTimer.unref && process.version !== 'v0.10.34')","        expirationTimer.unref();","};","","","/**"," * Store an item in the cache, using the specified key and value."," * Internally will keep track of the time the item was added to the cache"," * @param id"," * @param value"," */","CacheProvider.prototype.save = function(key, value, callback){","    if(!this.cacheKeys[key])","    {","        this.cacheKeys[key] = {","            createdAt: new Date().getTime(),","            value: value","        };","","        callback(null, this.cacheKeys[key]);","    }","    else","    {","        callback(null, null);","    }","","};","","","/**"," * Returns the value of the specified key in the cache"," * @param id"," * @returns {boolean}"," */","CacheProvider.prototype.get = function(key, callback){","    if(this.cacheKeys[key]){","        callback(null, this.cacheKeys[key].value);","    }","    else","    {","        callback(null, null);","    }","","};","","","/**"," * Removes an item from the cache if it exists"," * @param key"," */","CacheProvider.prototype.remove = function(key, callback){","    if(this.cacheKeys[key])","    {","        delete this.cacheKeys[key];","        callback(null, key);","    }","    else","    {","        callback(null, null);","    }","","};","","exports.CacheProvider = CacheProvider;",""],"l":{"15":1,"16":0,"17":0,"19":0,"20":0,"23":0,"24":0,"27":0,"30":0,"31":0,"32":0,"33":0,"34":0,"35":0,"43":0,"44":0,"54":1,"55":0,"57":0,"62":0,"66":0,"77":1,"78":0,"79":0,"83":0,"93":1,"94":0,"96":0,"97":0,"101":0,"106":1}}}